{
  "uid" : "98fce8174322041e",
  "name" : "adminCanArchivateUser",
  "title" : "Admin can archivate user",
  "time" : {
    "start" : 1545114616754,
    "stop" : 1545114619995,
    "duration" : 3241
  },
  "summary" : {
    "attachments" : 0,
    "steps" : 0
  },
  "failure" : {
    "message" : "ElementNotFound: Element not found {By.className: name__src-users-components-UsersListItem-__1eu}\nExpected: visible",
    "stackTrace" : "Element not found {By.className: name__src-users-components-UsersListItem-__1eu}\nExpected: visible\nPage source: file:/Users/aleksandrtkacenko/Documents/GitHub/wombat_admin/build/reports/tests/1545114619892.5.html\nTimeout: 3 s.\nCaused by: NoSuchWindowException: no such window: target window already closed\n\tat com.codeborne.selenide.impl.WebElementSource.createElementNotFoundError(WebElementSource.java:34)\n\tat com.codeborne.selenide.impl.ElementFinder.createElementNotFoundError(ElementFinder.java:100)\n\tat com.codeborne.selenide.impl.WebElementSource.checkCondition(WebElementSource.java:62)\n\tat com.codeborne.selenide.commands.Should.should(Should.java:35)\n\tat com.codeborne.selenide.commands.Should.execute(Should.java:29)\n\tat com.codeborne.selenide.commands.Should.execute(Should.java:12)\n\tat com.codeborne.selenide.commands.Commands.execute(Commands.java:144)\n\tat com.codeborne.selenide.impl.SelenideElementProxy.dispatchAndRetry(SelenideElementProxy.java:99)\n\tat com.codeborne.selenide.impl.SelenideElementProxy.invoke(SelenideElementProxy.java:65)\n\tat com.sun.proxy.$Proxy7.waitUntil(Unknown Source)\n\tat ru.wombat.admin.tests.Tests.TestBase.searchUserNameInEditFormBefore(TestBase.java:79)\n\tat ru.wombat.admin.tests.Tests.AddUserTest.adminCanArchivateUser(AddUserTest.java:41)\n\tat sun.reflect.NativeMethodAccessorImpl.invoke0(Native Method)\n\tat sun.reflect.NativeMethodAccessorImpl.invoke(NativeMethodAccessorImpl.java:62)\n\tat sun.reflect.DelegatingMethodAccessorImpl.invoke(DelegatingMethodAccessorImpl.java:43)\n\tat java.lang.reflect.Method.invoke(Method.java:498)\n\tat org.testng.internal.MethodInvocationHelper.invokeMethod(MethodInvocationHelper.java:131)\n\tat org.testng.internal.Invoker.invokeMethod(Invoker.java:687)\n\tat org.testng.internal.Invoker.invokeTestMethod(Invoker.java:821)\n\tat org.testng.internal.Invoker.invokeTestMethods(Invoker.java:1128)\n\tat org.testng.internal.TestMethodWorker.invokeTestMethods(TestMethodWorker.java:140)\n\tat org.testng.internal.TestMethodWorker.run(TestMethodWorker.java:122)\n\tat org.testng.TestRunner.privateRun(TestRunner.java:724)\n\tat org.testng.TestRunner.run(TestRunner.java:574)\n\tat org.testng.SuiteRunner.runTest(SuiteRunner.java:398)\n\tat org.testng.SuiteRunner.runSequentially(SuiteRunner.java:392)\n\tat org.testng.SuiteRunner.privateRun(SuiteRunner.java:354)\n\tat org.testng.SuiteRunner.run(SuiteRunner.java:302)\n\tat org.testng.SuiteRunnerWorker.runSuite(SuiteRunnerWorker.java:53)\n\tat org.testng.SuiteRunnerWorker.run(SuiteRunnerWorker.java:96)\n\tat org.testng.TestNG.runSuitesSequentially(TestNG.java:1142)\n\tat org.testng.TestNG.runSuitesLocally(TestNG.java:1064)\n\tat org.testng.TestNG.runSuites(TestNG.java:994)\n\tat org.testng.TestNG.run(TestNG.java:962)\n\tat org.gradle.api.internal.tasks.testing.testng.TestNGTestClassProcessor.runTests(TestNGTestClassProcessor.java:129)\n\tat org.gradle.api.internal.tasks.testing.testng.TestNGTestClassProcessor.stop(TestNGTestClassProcessor.java:88)\n\tat org.gradle.api.internal.tasks.testing.SuiteTestClassProcessor.stop(SuiteTestClassProcessor.java:61)\n\tat sun.reflect.NativeMethodAccessorImpl.invoke0(Native Method)\n\tat sun.reflect.NativeMethodAccessorImpl.invoke(NativeMethodAccessorImpl.java:62)\n\tat sun.reflect.DelegatingMethodAccessorImpl.invoke(DelegatingMethodAccessorImpl.java:43)\n\tat java.lang.reflect.Method.invoke(Method.java:498)\n\tat org.gradle.internal.dispatch.ReflectionDispatch.dispatch(ReflectionDispatch.java:35)\n\tat org.gradle.internal.dispatch.ReflectionDispatch.dispatch(ReflectionDispatch.java:24)\n\tat org.gradle.internal.dispatch.ContextClassLoaderDispatch.dispatch(ContextClassLoaderDispatch.java:32)\n\tat org.gradle.internal.dispatch.ProxyDispatchAdapter$DispatchingInvocationHandler.invoke(ProxyDispatchAdapter.java:93)\n\tat com.sun.proxy.$Proxy1.stop(Unknown Source)\n\tat org.gradle.api.internal.tasks.testing.worker.TestWorker.stop(TestWorker.java:119)\n\tat sun.reflect.NativeMethodAccessorImpl.invoke0(Native Method)\n\tat sun.reflect.NativeMethodAccessorImpl.invoke(NativeMethodAccessorImpl.java:62)\n\tat sun.reflect.DelegatingMethodAccessorImpl.invoke(DelegatingMethodAccessorImpl.java:43)\n\tat java.lang.reflect.Method.invoke(Method.java:498)\n\tat org.gradle.internal.dispatch.ReflectionDispatch.dispatch(ReflectionDispatch.java:35)\n\tat org.gradle.internal.dispatch.ReflectionDispatch.dispatch(ReflectionDispatch.java:24)\n\tat org.gradle.internal.remote.internal.hub.MessageHubBackedObjectConnection$DispatchWrapper.dispatch(MessageHubBackedObjectConnection.java:146)\n\tat org.gradle.internal.remote.internal.hub.MessageHubBackedObjectConnection$DispatchWrapper.dispatch(MessageHubBackedObjectConnection.java:128)\n\tat org.gradle.internal.remote.internal.hub.MessageHub$Handler.run(MessageHub.java:404)\n\tat org.gradle.internal.concurrent.ExecutorPolicy$CatchAndRecordFailures.onExecute(ExecutorPolicy.java:63)\n\tat org.gradle.internal.concurrent.ManagedExecutorImpl$1.run(ManagedExecutorImpl.java:46)\n\tat java.util.concurrent.ThreadPoolExecutor.runWorker(ThreadPoolExecutor.java:1149)\n\tat java.util.concurrent.ThreadPoolExecutor$Worker.run(ThreadPoolExecutor.java:624)\n\tat org.gradle.internal.concurrent.ThreadFactoryImpl$ManagedThreadRunnable.run(ThreadFactoryImpl.java:55)\n\tat java.lang.Thread.run(Thread.java:748)\nCaused by: org.openqa.selenium.NoSuchWindowException: no such window: target window already closed\nfrom unknown error: web view not found\n  (Session info: chrome=71.0.3578.98)\n  (Driver info: chromedriver=72.0.3626.7 (efcef9a3ecda02b2132af215116a03852d08b9cb),platform=Mac OS X 10.14.0 x86_64) (WARNING: The server did not provide any stacktrace information)\nCommand duration or timeout: 0 milliseconds\nBuild info: version: '3.141.5', revision: 'd54ebd709a', time: '2018-11-06T11:42:16'\nSystem info: host: 'MacBook-Aleksandr.local', ip: 'fe80:0:0:0:8d3:81fa:60cc:4837%en0', os.name: 'Mac OS X', os.arch: 'x86_64', os.version: '10.14', java.version: '1.8.0_191'\nDriver info: org.openqa.selenium.chrome.ChromeDriver\nCapabilities {acceptInsecureCerts: false, acceptSslCerts: false, applicationCacheEnabled: false, browserConnectionEnabled: false, browserName: chrome, chrome: {chromedriverVersion: 72.0.3626.7 (efcef9a3ecda02..., userDataDir: /var/folders/27/0q6bmg7n40g...}, cssSelectorsEnabled: true, databaseEnabled: false, goog:chromeOptions: {debuggerAddress: localhost:54778}, handlesAlerts: true, hasTouchScreen: false, javascriptEnabled: true, locationContextEnabled: true, mobileEmulationEnabled: false, nativeEvents: true, networkConnectionEnabled: false, pageLoadStrategy: normal, platform: MAC, platformName: MAC, proxy: Proxy(), rotatable: false, setWindowRect: true, takesHeapSnapshot: true, takesScreenshot: true, timeouts: {implicit: 0, pageLoad: 300000, script: 30000}, unexpectedAlertBehaviour: ignore, unhandledPromptBehavior: ignore, version: 71.0.3578.98, webStorageEnabled: true}\nSession ID: 0406815f531c302fa50b00ab286d2d11\n*** Element info: {Using=class name, value=name__src-users-components-UsersListItem-__1eu}\n\tat sun.reflect.GeneratedConstructorAccessor15.newInstance(Unknown Source)\n\tat sun.reflect.DelegatingConstructorAccessorImpl.newInstance(DelegatingConstructorAccessorImpl.java:45)\n\tat java.lang.reflect.Constructor.newInstance(Constructor.java:423)\n\tat org.openqa.selenium.remote.ErrorHandler.createThrowable(ErrorHandler.java:214)\n\tat org.openqa.selenium.remote.ErrorHandler.throwIfResponseFailed(ErrorHandler.java:166)\n\tat org.openqa.selenium.remote.http.JsonHttpResponseCodec.reconstructValue(JsonHttpResponseCodec.java:40)\n\tat org.openqa.selenium.remote.http.AbstractHttpResponseCodec.decode(AbstractHttpResponseCodec.java:80)\n\tat org.openqa.selenium.remote.http.AbstractHttpResponseCodec.decode(AbstractHttpResponseCodec.java:44)\n\tat org.openqa.selenium.remote.HttpCommandExecutor.execute(HttpCommandExecutor.java:158)\n\tat org.openqa.selenium.remote.service.DriverCommandExecutor.execute(DriverCommandExecutor.java:83)\n\tat org.openqa.selenium.remote.RemoteWebDriver.execute(RemoteWebDriver.java:552)\n\tat org.openqa.selenium.remote.RemoteWebDriver.findElement(RemoteWebDriver.java:323)\n\tat org.openqa.selenium.remote.RemoteWebDriver.findElementByClassName(RemoteWebDriver.java:412)\n\tat org.openqa.selenium.By$ByClassName.findElement(By.java:389)\n\tat org.openqa.selenium.remote.RemoteWebDriver.findElement(RemoteWebDriver.java:315)\n\tat com.codeborne.selenide.impl.WebElementSelector.findElement(WebElementSelector.java:28)\n\tat com.codeborne.selenide.impl.ElementFinder.getWebElement(ElementFinder.java:74)\n\tat com.codeborne.selenide.impl.WebElementSource.checkCondition(WebElementSource.java:47)\n\t... 59 more\n"
  },
  "description" : null,
  "severity" : "NORMAL",
  "status" : "FAILED",
  "testId" : null,
  "suite" : {
    "uid" : "1aeaa5119f73b567",
    "name" : "Gradle suite : Gradle test",
    "title" : "Gradle suite : Gradle test"
  },
  "steps" : [ ],
  "attachments" : [ ],
  "issues" : [ ],
  "labels" : [ {
    "name" : "suite-name",
    "value" : "Gradle suite : Gradle test"
  }, {
    "name" : "language",
    "value" : "JAVA"
  }, {
    "name" : "testClass",
    "value" : "ru.wombat.admin.tests.Tests.AddUserTest"
  }, {
    "name" : "thread",
    "value" : "11809@MacBook-Aleksandr.local.Test worker(10)"
  }, {
    "name" : "testMethod",
    "value" : "adminCanArchivateUser"
  }, {
    "name" : "host",
    "value" : "MacBook-Aleksandr.local"
  }, {
    "name" : "framework",
    "value" : "TestNG"
  }, {
    "name" : "testGroup",
    "value" : "Gradle test"
  }, {
    "name" : "testSuite",
    "value" : "Gradle suite"
  }, {
    "name" : "suite-title",
    "value" : "Gradle suite : Gradle test"
  } ],
  "parameters" : [ ]
}