{
  "hash" : "e7105c43ada45c9f6e0006854ef1a1d95249231d",
  "plugins" : {
    "total" : {
      "statistic" : {
        "total" : 6,
        "passed" : 0,
        "pending" : 0,
        "canceled" : 0,
        "failed" : 6,
        "broken" : 0
      },
      "time" : {
        "start" : 1545114580381,
        "stop" : 1545114619995,
        "duration" : 39614
      }
    },
    "defects" : {
      "totalCount" : 6,
      "items" : [ {
        "count" : 1,
        "uid" : "5ad526967f2b274a",
        "message" : "ElementShould: Element should be visible {By.xpath: (.//*[normalize-space(text()) and normalize-space(.)='*'])[9]/following::span[3]}\nElement: '<span class=\"Select-arrow\" displayed:false></span>'",
        "status" : "FAILED"
      }, {
        "count" : 1,
        "uid" : "38266ff489a2d62e",
        "message" : "ElementIsNotClickableException: WebDriverException: unknown error: Element <p>...</p> is not clickable at point (574, 180). Other element would receive the click: <div class=\"openSlides__src-users-containers-Users-__3Ko\"></div>\n  (Session info: chrome=71.0.3578.98)\n  (Driver info: chromedriver=72.0.3626.7 (efcef9a3ecda02b2132af215116a03852d08b9cb),platform=Mac OS X 10.14.0 x86_64) (WARNING: The server did not provide any stacktrace information)\nCommand duration or timeout: 0 milliseconds\nBuild info: version: '3.141.5', revision: 'd54ebd709a', time: '2018-11-06T11:42:16'\nSystem info: host: 'MacBook-Aleksandr.local', ip: 'fe80:0:0:0:8d3:81fa:60cc:4837%en0', os.name: 'Mac OS X', os.arch: 'x86_64', os.version: '10.14', java.version: '1.8.0_191'\nDriver info: org.openqa.selenium.chrome.ChromeDriver\nCapabilities {acceptInsecureCerts: false, acceptSslCerts: false, applicationCacheEnabled: false, browserConnectionEnabled: false, browserName: chrome, chrome: {chromedriverVersion: 72.0.3626.7 (efcef9a3ecda02..., userDataDir: /var/folders/27/0q6bmg7n40g...}, cssSelectorsEnabled: true, databaseEnabled: false, goog:chromeOptions: {debuggerAddress: localhost:54778}, handlesAlerts: true, hasTouchScreen: false, javascriptEnabled: true, locationContextEnabled: true, mobileEmulationEnabled: false, nativeEvents: true, networkConnectionEnabled: false, pageLoadStrategy: normal, platform: MAC, platformName: MAC, proxy: Proxy(), rotatable: false, setWindowRect: true, takesHeapSnapshot: true, takesScreenshot: true, timeouts: {implicit: 0, pageLoad: 300000, script: 30000}, unexpectedAlertBehaviour: ignore, unhandledPromptBehavior: ignore, version: 71.0.3578.98, webStorageEnabled: true}\nSession ID: 0406815f531c302fa50b00ab286d2d11",
        "status" : "FAILED"
      }, {
        "count" : 1,
        "uid" : "acdf6061d3270dc5",
        "message" : "ElementIsNotClickableException: WebDriverException: unknown error: Element <img src=\"/assets/img/upgrade.94ebb9d2d73ee7dbf0705581ecd96ddc.svg\" alt=\"\" class=\"activeImage__src-users-components-UsersListItem-__3c8\"> is not clickable at point (1824, 189). Other element would receive the click: <input class=\"input__src-shared-forms-__3OP\" required=\"\" autocomplete=\"off\" label=\"телеграм\" name=\"rrf.user.telegram\" value=\"Bond\">\n  (Session info: chrome=71.0.3578.98)\n  (Driver info: chromedriver=72.0.3626.7 (efcef9a3ecda02b2132af215116a03852d08b9cb),platform=Mac OS X 10.14.0 x86_64) (WARNING: The server did not provide any stacktrace information)\nCommand duration or timeout: 0 milliseconds\nBuild info: version: '3.141.5', revision: 'd54ebd709a', time: '2018-11-06T11:42:16'\nSystem info: host: 'MacBook-Aleksandr.local', ip: 'fe80:0:0:0:8d3:81fa:60cc:4837%en0', os.name: 'Mac OS X', os.arch: 'x86_64', os.version: '10.14', java.version: '1.8.0_191'\nDriver info: org.openqa.selenium.chrome.ChromeDriver\nCapabilities {acceptInsecureCerts: false, acceptSslCerts: false, applicationCacheEnabled: false, browserConnectionEnabled: false, browserName: chrome, chrome: {chromedriverVersion: 72.0.3626.7 (efcef9a3ecda02..., userDataDir: /var/folders/27/0q6bmg7n40g...}, cssSelectorsEnabled: true, databaseEnabled: false, goog:chromeOptions: {debuggerAddress: localhost:54778}, handlesAlerts: true, hasTouchScreen: false, javascriptEnabled: true, locationContextEnabled: true, mobileEmulationEnabled: false, nativeEvents: true, networkConnectionEnabled: false, pageLoadStrategy: normal, platform: MAC, platformName: MAC, proxy: Proxy(), rotatable: false, setWindowRect: true, takesHeapSnapshot: true, takesScreenshot: true, timeouts: {implicit: 0, pageLoad: 300000, script: 30000}, unexpectedAlertBehaviour: ignore, unhandledPromptBehavior: ignore, version: 71.0.3578.98, webStorageEnabled: true}\nSession ID: 0406815f531c302fa50b00ab286d2d11",
        "status" : "FAILED"
      }, {
        "count" : 1,
        "uid" : "df5977a1bf09d210",
        "message" : "ElementIsNotClickableException: WebDriverException: unknown error: Element <div class=\"button__src-shared-AddButton-__3G-\">...</div> is not clickable at point (1855, 822). Other element would receive the click: <form class=\"form__src-users-components-NewUserForm-__xSP\">...</form>\n  (Session info: chrome=71.0.3578.98)\n  (Driver info: chromedriver=72.0.3626.7 (efcef9a3ecda02b2132af215116a03852d08b9cb),platform=Mac OS X 10.14.0 x86_64) (WARNING: The server did not provide any stacktrace information)\nCommand duration or timeout: 0 milliseconds\nBuild info: version: '3.141.5', revision: 'd54ebd709a', time: '2018-11-06T11:42:16'\nSystem info: host: 'MacBook-Aleksandr.local', ip: 'fe80:0:0:0:8d3:81fa:60cc:4837%en0', os.name: 'Mac OS X', os.arch: 'x86_64', os.version: '10.14', java.version: '1.8.0_191'\nDriver info: org.openqa.selenium.chrome.ChromeDriver\nCapabilities {acceptInsecureCerts: false, acceptSslCerts: false, applicationCacheEnabled: false, browserConnectionEnabled: false, browserName: chrome, chrome: {chromedriverVersion: 72.0.3626.7 (efcef9a3ecda02..., userDataDir: /var/folders/27/0q6bmg7n40g...}, cssSelectorsEnabled: true, databaseEnabled: false, goog:chromeOptions: {debuggerAddress: localhost:54778}, handlesAlerts: true, hasTouchScreen: false, javascriptEnabled: true, locationContextEnabled: true, mobileEmulationEnabled: false, nativeEvents: true, networkConnectionEnabled: false, pageLoadStrategy: normal, platform: MAC, platformName: MAC, proxy: Proxy(), rotatable: false, setWindowRect: true, takesHeapSnapshot: true, takesScreenshot: true, timeouts: {implicit: 0, pageLoad: 300000, script: 30000}, unexpectedAlertBehaviour: ignore, unhandledPromptBehavior: ignore, version: 71.0.3578.98, webStorageEnabled: true}\nSession ID: 0406815f531c302fa50b00ab286d2d11",
        "status" : "FAILED"
      }, {
        "count" : 1,
        "uid" : "1169d364ac052377",
        "message" : "ElementNotFound: Element not found {By.className: button__src-shared-AddButton-__3G-}\nExpected: visible",
        "status" : "FAILED"
      }, {
        "count" : 1,
        "uid" : "50d894a4773ee5da",
        "message" : "ElementNotFound: Element not found {By.className: name__src-users-components-UsersListItem-__1eu}\nExpected: visible",
        "status" : "FAILED"
      } ]
    },
    "xunit" : {
      "totalCount" : 1,
      "items" : [ {
        "uid" : "1aeaa5119f73b567",
        "title" : "Gradle suite : Gradle test",
        "statistic" : {
          "total" : 6,
          "passed" : 0,
          "pending" : 0,
          "canceled" : 0,
          "failed" : 6,
          "broken" : 0
        }
      } ]
    },
    "behaviors" : {
      "totalCount" : 1,
      "items" : [ {
        "title" : "Without feature",
        "statistic" : {
          "total" : 6,
          "passed" : 0,
          "pending" : 0,
          "canceled" : 0,
          "failed" : 6,
          "broken" : 0
        }
      } ]
    },
    "environment" : [ ]
  }
}