<?xml version="1.0" encoding="UTF-8" standalone="yes"?>
<ns2:test-suite start="1545729106059" stop="1545729480958" version="1.5.4" xmlns:ns2="urn:model.allure.qatools.yandex.ru">
    <name>Default Suite : wombat_admin</name>
    <title>Default Suite : wombat_admin</title>
    <test-cases>
        <test-case start="1545729106183" stop="1545729108806" status="passed">
            <name>adminCanOpenAndCloseAddUserForm</name>
            <steps/>
            <attachments/>
            <labels>
                <label name="testSuite" value="Default Suite"/>
                <label name="testGroup" value="wombat_admin"/>
                <label name="testClass" value="ru.wombat.admin.tests.Tests.AddUserTest"/>
                <label name="testMethod" value="adminCanOpenAndCloseAddUserForm"/>
                <label name="host" value="MacBook-Aleksandr.local"/>
                <label name="thread" value="34467@MacBook-Aleksandr.local.main(1)"/>
            </labels>
        </test-case>
        <test-case start="1545729108820" stop="1545729118092" status="passed">
            <name>adminCanCloseEditUserForm</name>
            <steps/>
            <attachments/>
            <labels>
                <label name="testSuite" value="Default Suite"/>
                <label name="testGroup" value="wombat_admin"/>
                <label name="testClass" value="ru.wombat.admin.tests.Tests.AddUserTest"/>
                <label name="testMethod" value="adminCanCloseEditUserForm"/>
                <label name="host" value="MacBook-Aleksandr.local"/>
                <label name="thread" value="34467@MacBook-Aleksandr.local.main(1)"/>
            </labels>
        </test-case>
        <test-case start="1545729118104" stop="1545729121493" status="passed">
            <name>adminCanSearchUserByUsername</name>
            <steps/>
            <attachments/>
            <labels>
                <label name="testSuite" value="Default Suite"/>
                <label name="testGroup" value="wombat_admin"/>
                <label name="testClass" value="ru.wombat.admin.tests.Tests.AddUserTest"/>
                <label name="testMethod" value="adminCanSearchUserByUsername"/>
                <label name="host" value="MacBook-Aleksandr.local"/>
                <label name="thread" value="34467@MacBook-Aleksandr.local.main(1)"/>
            </labels>
        </test-case>
        <test-case start="1545729121496" stop="1545729129620" status="passed">
            <name>adminCanChangeUserDisplayingToGrid</name>
            <steps/>
            <attachments/>
            <labels>
                <label name="testSuite" value="Default Suite"/>
                <label name="testGroup" value="wombat_admin"/>
                <label name="testClass" value="ru.wombat.admin.tests.Tests.AddUserTest"/>
                <label name="testMethod" value="adminCanChangeUserDisplayingToGrid"/>
                <label name="host" value="MacBook-Aleksandr.local"/>
                <label name="thread" value="34467@MacBook-Aleksandr.local.main(1)"/>
            </labels>
        </test-case>
        <test-case start="1545729129625" stop="1545729140516" status="passed">
            <name>adminCanCloseAddFormWithFiledFields</name>
            <steps/>
            <attachments/>
            <labels>
                <label name="testSuite" value="Default Suite"/>
                <label name="testGroup" value="wombat_admin"/>
                <label name="testClass" value="ru.wombat.admin.tests.Tests.AddUserTest"/>
                <label name="testMethod" value="adminCanCloseAddFormWithFiledFields"/>
                <label name="host" value="MacBook-Aleksandr.local"/>
                <label name="thread" value="34467@MacBook-Aleksandr.local.main(1)"/>
            </labels>
        </test-case>
        <test-case start="1545729140524" stop="1545729157889" status="passed">
            <name>adminCanAddNewUserTest</name>
            <steps/>
            <attachments/>
            <labels>
                <label name="testSuite" value="Default Suite"/>
                <label name="testGroup" value="wombat_admin"/>
                <label name="testClass" value="ru.wombat.admin.tests.Tests.AddUserTest"/>
                <label name="testMethod" value="adminCanAddNewUserTest"/>
                <label name="severity" value="critical"/>
                <label name="host" value="MacBook-Aleksandr.local"/>
                <label name="thread" value="34467@MacBook-Aleksandr.local.main(1)"/>
            </labels>
        </test-case>
        <test-case start="1545729157894" stop="1545729175579" status="passed">
            <name>adminCanEditUserDataTest</name>
            <steps/>
            <attachments/>
            <labels>
                <label name="testSuite" value="Default Suite"/>
                <label name="testGroup" value="wombat_admin"/>
                <label name="testClass" value="ru.wombat.admin.tests.Tests.AddUserTest"/>
                <label name="testMethod" value="adminCanEditUserDataTest"/>
                <label name="severity" value="critical"/>
                <label name="host" value="MacBook-Aleksandr.local"/>
                <label name="thread" value="34467@MacBook-Aleksandr.local.main(1)"/>
            </labels>
        </test-case>
        <test-case start="1545729175589" stop="1545729183769" status="passed">
            <name>adminCanUpgradeUserTest</name>
            <steps/>
            <attachments/>
            <labels>
                <label name="testSuite" value="Default Suite"/>
                <label name="testGroup" value="wombat_admin"/>
                <label name="testClass" value="ru.wombat.admin.tests.Tests.AddUserTest"/>
                <label name="testMethod" value="adminCanUpgradeUserTest"/>
                <label name="severity" value="normal"/>
                <label name="host" value="MacBook-Aleksandr.local"/>
                <label name="thread" value="34467@MacBook-Aleksandr.local.main(1)"/>
            </labels>
        </test-case>
        <test-case start="1545729183772" stop="1545729192086" status="passed">
            <name>errorAboutExistingEmailAddUserTest</name>
            <steps/>
            <attachments/>
            <labels>
                <label name="testSuite" value="Default Suite"/>
                <label name="testGroup" value="wombat_admin"/>
                <label name="testClass" value="ru.wombat.admin.tests.Tests.AddUserTest"/>
                <label name="testMethod" value="errorAboutExistingEmailAddUserTest"/>
                <label name="severity" value="minor"/>
                <label name="host" value="MacBook-Aleksandr.local"/>
                <label name="thread" value="34467@MacBook-Aleksandr.local.main(1)"/>
            </labels>
        </test-case>
        <test-case start="1545729192091" stop="1545729196314" status="passed">
            <name>emptyFieldsErrorDisplayingAddUserTest</name>
            <steps/>
            <attachments/>
            <labels>
                <label name="testSuite" value="Default Suite"/>
                <label name="testGroup" value="wombat_admin"/>
                <label name="testClass" value="ru.wombat.admin.tests.Tests.AddUserTest"/>
                <label name="testMethod" value="emptyFieldsErrorDisplayingAddUserTest"/>
                <label name="severity" value="minor"/>
                <label name="host" value="MacBook-Aleksandr.local"/>
                <label name="thread" value="34467@MacBook-Aleksandr.local.main(1)"/>
            </labels>
        </test-case>
        <test-case start="1545729196317" stop="1545729210096" status="passed">
            <name>adminCanArchivateUserTest</name>
            <steps/>
            <attachments/>
            <labels>
                <label name="testSuite" value="Default Suite"/>
                <label name="testGroup" value="wombat_admin"/>
                <label name="testClass" value="ru.wombat.admin.tests.Tests.AddUserTest"/>
                <label name="testMethod" value="adminCanArchivateUserTest"/>
                <label name="severity" value="critical"/>
                <label name="host" value="MacBook-Aleksandr.local"/>
                <label name="thread" value="34467@MacBook-Aleksandr.local.main(1)"/>
            </labels>
        </test-case>
        <test-case start="1545729210100" stop="1545729221495" status="passed">
            <name>recoveryUserTest</name>
            <steps/>
            <attachments/>
            <labels>
                <label name="testSuite" value="Default Suite"/>
                <label name="testGroup" value="wombat_admin"/>
                <label name="testClass" value="ru.wombat.admin.tests.Tests.AddUserTest"/>
                <label name="testMethod" value="recoveryUserTest"/>
                <label name="host" value="MacBook-Aleksandr.local"/>
                <label name="thread" value="34467@MacBook-Aleksandr.local.main(1)"/>
            </labels>
        </test-case>
        <test-case start="1545729221499" stop="1545729242737" status="passed">
            <name>closeRecoveryForm</name>
            <steps/>
            <attachments/>
            <labels>
                <label name="testSuite" value="Default Suite"/>
                <label name="testGroup" value="wombat_admin"/>
                <label name="testClass" value="ru.wombat.admin.tests.Tests.AddUserTest"/>
                <label name="testMethod" value="closeRecoveryForm"/>
                <label name="host" value="MacBook-Aleksandr.local"/>
                <label name="thread" value="34467@MacBook-Aleksandr.local.main(1)"/>
            </labels>
        </test-case>
        <test-case start="1545729242742" stop="1545729247159" status="passed">
            <name>paginationTestInList</name>
            <steps/>
            <attachments/>
            <labels>
                <label name="testSuite" value="Default Suite"/>
                <label name="testGroup" value="wombat_admin"/>
                <label name="testClass" value="ru.wombat.admin.tests.Tests.AddUserTest"/>
                <label name="testMethod" value="paginationTestInList"/>
                <label name="host" value="MacBook-Aleksandr.local"/>
                <label name="thread" value="34467@MacBook-Aleksandr.local.main(1)"/>
            </labels>
        </test-case>
        <test-case start="1545729247160" stop="1545729258035" status="passed">
            <name>cacheAddUserFormDuringCloseFormTest</name>
            <steps/>
            <attachments/>
            <labels>
                <label name="testSuite" value="Default Suite"/>
                <label name="testGroup" value="wombat_admin"/>
                <label name="testClass" value="ru.wombat.admin.tests.Tests.AddUserTest"/>
                <label name="testMethod" value="cacheAddUserFormDuringCloseFormTest"/>
                <label name="host" value="MacBook-Aleksandr.local"/>
                <label name="thread" value="34467@MacBook-Aleksandr.local.main(1)"/>
            </labels>
        </test-case>
        <test-case start="1545729258040" stop="1545729276074" status="passed">
            <name>cacheAddUserFormDuringAddUserTest</name>
            <steps/>
            <attachments/>
            <labels>
                <label name="testSuite" value="Default Suite"/>
                <label name="testGroup" value="wombat_admin"/>
                <label name="testClass" value="ru.wombat.admin.tests.Tests.AddUserTest"/>
                <label name="testMethod" value="cacheAddUserFormDuringAddUserTest"/>
                <label name="host" value="MacBook-Aleksandr.local"/>
                <label name="thread" value="34467@MacBook-Aleksandr.local.main(1)"/>
            </labels>
        </test-case>
        <test-case start="1545729276078" stop="1545729298861" status="passed">
            <name>displayingArchivateUserInArchiveUsers</name>
            <steps/>
            <attachments/>
            <labels>
                <label name="testSuite" value="Default Suite"/>
                <label name="testGroup" value="wombat_admin"/>
                <label name="testClass" value="ru.wombat.admin.tests.Tests.AddUserTest"/>
                <label name="testMethod" value="displayingArchivateUserInArchiveUsers"/>
                <label name="host" value="MacBook-Aleksandr.local"/>
                <label name="thread" value="34467@MacBook-Aleksandr.local.main(1)"/>
            </labels>
        </test-case>
        <test-case start="1545729298866" stop="1545729317707" status="passed">
            <name>exitFromArchivateUserFormTest</name>
            <steps/>
            <attachments/>
            <labels>
                <label name="testSuite" value="Default Suite"/>
                <label name="testGroup" value="wombat_admin"/>
                <label name="testClass" value="ru.wombat.admin.tests.Tests.AddUserTest"/>
                <label name="testMethod" value="exitFromArchivateUserFormTest"/>
                <label name="host" value="MacBook-Aleksandr.local"/>
                <label name="thread" value="34467@MacBook-Aleksandr.local.main(1)"/>
            </labels>
        </test-case>
        <test-case start="1545729317711" stop="1545729318642" status="passed">
            <name>exitFromUpgradeFormTest</name>
            <steps/>
            <attachments/>
            <labels>
                <label name="testSuite" value="Default Suite"/>
                <label name="testGroup" value="wombat_admin"/>
                <label name="testClass" value="ru.wombat.admin.tests.Tests.AddUserTest"/>
                <label name="testMethod" value="exitFromUpgradeFormTest"/>
                <label name="host" value="MacBook-Aleksandr.local"/>
                <label name="thread" value="34467@MacBook-Aleksandr.local.main(1)"/>
            </labels>
        </test-case>
        <test-case start="1545729318644" stop="1545729325262" status="passed">
            <name>searchUsersByGradeTest</name>
            <steps/>
            <attachments/>
            <labels>
                <label name="testSuite" value="Default Suite"/>
                <label name="testGroup" value="wombat_admin"/>
                <label name="testClass" value="ru.wombat.admin.tests.Tests.AddUserTest"/>
                <label name="testMethod" value="searchUsersByGradeTest"/>
                <label name="host" value="MacBook-Aleksandr.local"/>
                <label name="thread" value="34467@MacBook-Aleksandr.local.main(1)"/>
            </labels>
        </test-case>
        <test-case start="1545729325266" stop="1545729333033" status="passed">
            <name>displayingErrorAboutFieldsWithSpaceTest</name>
            <steps/>
            <attachments/>
            <labels>
                <label name="testSuite" value="Default Suite"/>
                <label name="testGroup" value="wombat_admin"/>
                <label name="testClass" value="ru.wombat.admin.tests.Tests.AddUserTest"/>
                <label name="testMethod" value="displayingErrorAboutFieldsWithSpaceTest"/>
                <label name="host" value="MacBook-Aleksandr.local"/>
                <label name="thread" value="34467@MacBook-Aleksandr.local.main(1)"/>
            </labels>
        </test-case>
        <test-case start="1545729333038" stop="1545729335196" status="passed">
            <name>NonDisplayingAddUserButtonOnAllProfessionsUsersScreenTest</name>
            <steps/>
            <attachments/>
            <labels>
                <label name="testSuite" value="Default Suite"/>
                <label name="testGroup" value="wombat_admin"/>
                <label name="testClass" value="ru.wombat.admin.tests.Tests.AddUserTest"/>
                <label name="testMethod" value="NonDisplayingAddUserButtonOnAllProfessionsUsersScreenTest"/>
                <label name="host" value="MacBook-Aleksandr.local"/>
                <label name="thread" value="34467@MacBook-Aleksandr.local.main(1)"/>
            </labels>
        </test-case>
        <test-case start="1545729335198" stop="1545729340702" status="passed">
            <name>searchUsersByTeamTest</name>
            <steps/>
            <attachments/>
            <labels>
                <label name="testSuite" value="Default Suite"/>
                <label name="testGroup" value="wombat_admin"/>
                <label name="testClass" value="ru.wombat.admin.tests.Tests.AddUserTest"/>
                <label name="testMethod" value="searchUsersByTeamTest"/>
                <label name="host" value="MacBook-Aleksandr.local"/>
                <label name="thread" value="34467@MacBook-Aleksandr.local.main(1)"/>
            </labels>
        </test-case>
        <test-case start="1545729340707" stop="1545729361989" status="passed">
            <name>emptyFieldsErrorEditUserTest</name>
            <steps/>
            <attachments/>
            <labels>
                <label name="testSuite" value="Default Suite"/>
                <label name="testGroup" value="wombat_admin"/>
                <label name="testClass" value="ru.wombat.admin.tests.Tests.AddUserTest"/>
                <label name="testMethod" value="emptyFieldsErrorEditUserTest"/>
                <label name="host" value="MacBook-Aleksandr.local"/>
                <label name="thread" value="34467@MacBook-Aleksandr.local.main(1)"/>
            </labels>
        </test-case>
        <test-case start="1545729361992" stop="1545729378822" status="passed">
            <name>checkingUserInfoAfterCreationTest</name>
            <steps/>
            <attachments/>
            <labels>
                <label name="testSuite" value="Default Suite"/>
                <label name="testGroup" value="wombat_admin"/>
                <label name="testClass" value="ru.wombat.admin.tests.Tests.AddUserTest"/>
                <label name="testMethod" value="checkingUserInfoAfterCreationTest"/>
                <label name="host" value="MacBook-Aleksandr.local"/>
                <label name="thread" value="34467@MacBook-Aleksandr.local.main(1)"/>
            </labels>
        </test-case>
        <test-case start="1545729378825" stop="1545729400594" status="passed">
            <name>creationUserInGridTest</name>
            <steps/>
            <attachments/>
            <labels>
                <label name="testSuite" value="Default Suite"/>
                <label name="testGroup" value="wombat_admin"/>
                <label name="testClass" value="ru.wombat.admin.tests.Tests.AddUserTest"/>
                <label name="testMethod" value="creationUserInGridTest"/>
                <label name="host" value="MacBook-Aleksandr.local"/>
                <label name="thread" value="34467@MacBook-Aleksandr.local.main(1)"/>
            </labels>
        </test-case>
        <test-case start="1545729400599" stop="1545729411373" status="passed">
            <name>paginationInGridTest</name>
            <steps/>
            <attachments/>
            <labels>
                <label name="testSuite" value="Default Suite"/>
                <label name="testGroup" value="wombat_admin"/>
                <label name="testClass" value="ru.wombat.admin.tests.Tests.AddUserTest"/>
                <label name="testMethod" value="paginationInGridTest"/>
                <label name="host" value="MacBook-Aleksandr.local"/>
                <label name="thread" value="34467@MacBook-Aleksandr.local.main(1)"/>
            </labels>
        </test-case>
        <test-case start="1545729411378" stop="1545729418813" status="passed">
            <name>openAndCloseAddUserFormInGrid</name>
            <steps/>
            <attachments/>
            <labels>
                <label name="testSuite" value="Default Suite"/>
                <label name="testGroup" value="wombat_admin"/>
                <label name="testClass" value="ru.wombat.admin.tests.Tests.AddUserTest"/>
                <label name="testMethod" value="openAndCloseAddUserFormInGrid"/>
                <label name="host" value="MacBook-Aleksandr.local"/>
                <label name="thread" value="34467@MacBook-Aleksandr.local.main(1)"/>
            </labels>
        </test-case>
        <test-case start="1545729418817" stop="1545729430570" status="passed">
            <name>closeEditUserFormInGrid</name>
            <steps/>
            <attachments/>
            <labels>
                <label name="testSuite" value="Default Suite"/>
                <label name="testGroup" value="wombat_admin"/>
                <label name="testClass" value="ru.wombat.admin.tests.Tests.AddUserTest"/>
                <label name="testMethod" value="closeEditUserFormInGrid"/>
                <label name="host" value="MacBook-Aleksandr.local"/>
                <label name="thread" value="34467@MacBook-Aleksandr.local.main(1)"/>
            </labels>
        </test-case>
        <test-case start="1545729430574" stop="1545729440232" status="passed">
            <name>checkingRemoteEmployeeTest</name>
            <steps/>
            <attachments/>
            <labels>
                <label name="testSuite" value="Default Suite"/>
                <label name="testGroup" value="wombat_admin"/>
                <label name="testClass" value="ru.wombat.admin.tests.Tests.AddUserTest"/>
                <label name="testMethod" value="checkingRemoteEmployeeTest"/>
                <label name="host" value="MacBook-Aleksandr.local"/>
                <label name="thread" value="34467@MacBook-Aleksandr.local.main(1)"/>
            </labels>
        </test-case>
        <test-case start="1545729440239" stop="1545729449067" status="passed">
            <name>checkingKrasnodarEmployeeTest</name>
            <steps/>
            <attachments/>
            <labels>
                <label name="testSuite" value="Default Suite"/>
                <label name="testGroup" value="wombat_admin"/>
                <label name="testClass" value="ru.wombat.admin.tests.Tests.AddUserTest"/>
                <label name="testMethod" value="checkingKrasnodarEmployeeTest"/>
                <label name="host" value="MacBook-Aleksandr.local"/>
                <label name="thread" value="34467@MacBook-Aleksandr.local.main(1)"/>
            </labels>
        </test-case>
        <test-case start="1545729449070" stop="1545729451335" status="passed">
            <name>errorAboutNegativeSalaryTest</name>
            <steps/>
            <attachments/>
            <labels>
                <label name="testSuite" value="Default Suite"/>
                <label name="testGroup" value="wombat_admin"/>
                <label name="testClass" value="ru.wombat.admin.tests.Tests.AddUserTest"/>
                <label name="testMethod" value="errorAboutNegativeSalaryTest"/>
                <label name="host" value="MacBook-Aleksandr.local"/>
                <label name="thread" value="34467@MacBook-Aleksandr.local.main(1)"/>
            </labels>
        </test-case>
        <test-case start="1545729451337" stop="1545729453415" status="passed">
            <name>nonDisplayingAddUserButtonOnAllFilialsUsersScreenTest</name>
            <steps/>
            <attachments/>
            <labels>
                <label name="testSuite" value="Default Suite"/>
                <label name="testGroup" value="wombat_admin"/>
                <label name="testClass" value="ru.wombat.admin.tests.Tests.AddUserTest"/>
                <label name="testMethod" value="nonDisplayingAddUserButtonOnAllFilialsUsersScreenTest"/>
                <label name="host" value="MacBook-Aleksandr.local"/>
                <label name="thread" value="34467@MacBook-Aleksandr.local.main(1)"/>
            </labels>
        </test-case>
        <test-case start="1545729453417" stop="1545729474541" status="failed">
            <name>displayingCreatedUserInAllUsersListTest</name>
            <failure>
                <message>ElementIsNotClickableException: WebDriverException: unknown error: Element &lt;div class="Select-value"&gt;...&lt;/div&gt; is not clickable at point (1149, 113). Other element would receive the click: &lt;div class="slider__src-users-components-NewUserForm-__cuw fetching__src-users-components-NewUserForm-__1CU"&gt;...&lt;/div&gt;
  (Session info: chrome=71.0.3578.98)
  (Driver info: chromedriver=72.0.3626.7 (efcef9a3ecda02b2132af215116a03852d08b9cb),platform=Mac OS X 10.14.0 x86_64) (WARNING: The server did not provide any stacktrace information)
Command duration or timeout: 0 milliseconds
Build info: version: '3.141.5', revision: 'd54ebd709a', time: '2018-11-06T11:42:16'
System info: host: 'MacBook-Aleksandr.local', ip: 'fe80:0:0:0:8d3:81fa:60cc:4837%en0', os.name: 'Mac OS X', os.arch: 'x86_64', os.version: '10.14', java.version: '1.8.0_191'
Driver info: org.openqa.selenium.chrome.ChromeDriver
Capabilities {acceptInsecureCerts: false, acceptSslCerts: false, applicationCacheEnabled: false, browserConnectionEnabled: false, browserName: chrome, chrome: {chromedriverVersion: 72.0.3626.7 (efcef9a3ecda02..., userDataDir: /var/folders/27/0q6bmg7n40g...}, cssSelectorsEnabled: true, databaseEnabled: false, goog:chromeOptions: {debuggerAddress: localhost:57502}, handlesAlerts: true, hasTouchScreen: false, javascriptEnabled: true, locationContextEnabled: true, mobileEmulationEnabled: false, nativeEvents: true, networkConnectionEnabled: false, pageLoadStrategy: normal, platform: MAC, platformName: MAC, proxy: Proxy(), rotatable: false, setWindowRect: true, takesHeapSnapshot: true, takesScreenshot: true, timeouts: {implicit: 0, pageLoad: 300000, script: 30000}, unexpectedAlertBehaviour: ignore, unhandledPromptBehavior: ignore, version: 71.0.3578.98, webStorageEnabled: true}
Session ID: 3173f7887472e6eeb767ff7bdd67496a</message>
                <stack-trace>ElementIsNotClickableException WebDriverException: unknown error: Element &lt;div class="Select-value"&gt;...&lt;/div&gt; is not clickable at point (1149, 113). Other element would receive the click: &lt;div class="slider__src-users-components-NewUserForm-__cuw fetching__src-users-components-NewUserForm-__1CU"&gt;...&lt;/div&gt;
Screenshot: file:/Users/aleksandrtkacenko/Documents/GitHub/wombat_admin/build/reports/tests/1545729473523.0.png
Page source: file:/Users/aleksandrtkacenko/Documents/GitHub/wombat_admin/build/reports/tests/1545729473523.0.html
Timeout: 4 s.
Caused by: WebDriverException: unknown error: Element &lt;div class="Select-value"&gt;...&lt;/div&gt; is not clickable at point (1149, 113). Other element would receive the click: &lt;div class="slider__src-users-components-NewUserForm-__cuw fetching__src-users-components-NewUserForm-__1CU"&gt;...&lt;/div&gt;
	at com.codeborne.selenide.impl.SelenideElementProxy.dispatchAndRetry(SelenideElementProxy.java:128)
	at com.codeborne.selenide.impl.SelenideElementProxy.invoke(SelenideElementProxy.java:65)
	at com.sun.proxy.$Proxy6.click(Unknown Source)
	at ru.wombat.admin.tests.Tests.TestBase.goToActiveUsersListFromAllUsersList(TestBase.java:228)
	at ru.wombat.admin.tests.Tests.AddUserTest.displayingCreatedUserInAllUsersListTest(AddUserTest.java:293)
	at sun.reflect.NativeMethodAccessorImpl.invoke0(Native Method)
	at sun.reflect.NativeMethodAccessorImpl.invoke(NativeMethodAccessorImpl.java:62)
	at sun.reflect.DelegatingMethodAccessorImpl.invoke(DelegatingMethodAccessorImpl.java:43)
	at java.lang.reflect.Method.invoke(Method.java:498)
	at org.testng.internal.MethodInvocationHelper.invokeMethod(MethodInvocationHelper.java:131)
	at org.testng.internal.Invoker.invokeMethod(Invoker.java:687)
	at org.testng.internal.Invoker.invokeTestMethod(Invoker.java:821)
	at org.testng.internal.Invoker.invokeTestMethods(Invoker.java:1128)
	at org.testng.internal.TestMethodWorker.invokeTestMethods(TestMethodWorker.java:140)
	at org.testng.internal.TestMethodWorker.run(TestMethodWorker.java:122)
	at org.testng.TestRunner.privateRun(TestRunner.java:724)
	at org.testng.TestRunner.run(TestRunner.java:574)
	at org.testng.SuiteRunner.runTest(SuiteRunner.java:398)
	at org.testng.SuiteRunner.runSequentially(SuiteRunner.java:392)
	at org.testng.SuiteRunner.privateRun(SuiteRunner.java:354)
	at org.testng.SuiteRunner.run(SuiteRunner.java:302)
	at org.testng.SuiteRunnerWorker.runSuite(SuiteRunnerWorker.java:53)
	at org.testng.SuiteRunnerWorker.run(SuiteRunnerWorker.java:96)
	at org.testng.TestNG.runSuitesSequentially(TestNG.java:1142)
	at org.testng.TestNG.runSuitesLocally(TestNG.java:1064)
	at org.testng.TestNG.runSuites(TestNG.java:994)
	at org.testng.TestNG.run(TestNG.java:962)
	at org.testng.IDEARemoteTestNG.run(IDEARemoteTestNG.java:72)
	at org.testng.RemoteTestNGStarter.main(RemoteTestNGStarter.java:123)
Caused by: org.openqa.selenium.WebDriverException: unknown error: Element &lt;div class="Select-value"&gt;...&lt;/div&gt; is not clickable at point (1149, 113). Other element would receive the click: &lt;div class="slider__src-users-components-NewUserForm-__cuw fetching__src-users-components-NewUserForm-__1CU"&gt;...&lt;/div&gt;
  (Session info: chrome=71.0.3578.98)
  (Driver info: chromedriver=72.0.3626.7 (efcef9a3ecda02b2132af215116a03852d08b9cb),platform=Mac OS X 10.14.0 x86_64) (WARNING: The server did not provide any stacktrace information)
Command duration or timeout: 0 milliseconds
Build info: version: '3.141.5', revision: 'd54ebd709a', time: '2018-11-06T11:42:16'
System info: host: 'MacBook-Aleksandr.local', ip: 'fe80:0:0:0:8d3:81fa:60cc:4837%en0', os.name: 'Mac OS X', os.arch: 'x86_64', os.version: '10.14', java.version: '1.8.0_191'
Driver info: org.openqa.selenium.chrome.ChromeDriver
Capabilities {acceptInsecureCerts: false, acceptSslCerts: false, applicationCacheEnabled: false, browserConnectionEnabled: false, browserName: chrome, chrome: {chromedriverVersion: 72.0.3626.7 (efcef9a3ecda02..., userDataDir: /var/folders/27/0q6bmg7n40g...}, cssSelectorsEnabled: true, databaseEnabled: false, goog:chromeOptions: {debuggerAddress: localhost:57502}, handlesAlerts: true, hasTouchScreen: false, javascriptEnabled: true, locationContextEnabled: true, mobileEmulationEnabled: false, nativeEvents: true, networkConnectionEnabled: false, pageLoadStrategy: normal, platform: MAC, platformName: MAC, proxy: Proxy(), rotatable: false, setWindowRect: true, takesHeapSnapshot: true, takesScreenshot: true, timeouts: {implicit: 0, pageLoad: 300000, script: 30000}, unexpectedAlertBehaviour: ignore, unhandledPromptBehavior: ignore, version: 71.0.3578.98, webStorageEnabled: true}
Session ID: 3173f7887472e6eeb767ff7bdd67496a
	at sun.reflect.GeneratedConstructorAccessor23.newInstance(Unknown Source)
	at sun.reflect.DelegatingConstructorAccessorImpl.newInstance(DelegatingConstructorAccessorImpl.java:45)
	at java.lang.reflect.Constructor.newInstance(Constructor.java:423)
	at org.openqa.selenium.remote.ErrorHandler.createThrowable(ErrorHandler.java:214)
	at org.openqa.selenium.remote.ErrorHandler.throwIfResponseFailed(ErrorHandler.java:166)
	at org.openqa.selenium.remote.http.JsonHttpResponseCodec.reconstructValue(JsonHttpResponseCodec.java:40)
	at org.openqa.selenium.remote.http.AbstractHttpResponseCodec.decode(AbstractHttpResponseCodec.java:80)
	at org.openqa.selenium.remote.http.AbstractHttpResponseCodec.decode(AbstractHttpResponseCodec.java:44)
	at org.openqa.selenium.remote.HttpCommandExecutor.execute(HttpCommandExecutor.java:158)
	at org.openqa.selenium.remote.service.DriverCommandExecutor.execute(DriverCommandExecutor.java:83)
	at org.openqa.selenium.remote.RemoteWebDriver.execute(RemoteWebDriver.java:552)
	at org.openqa.selenium.remote.RemoteWebElement.execute(RemoteWebElement.java:285)
	at org.openqa.selenium.remote.RemoteWebElement.click(RemoteWebElement.java:84)
	at com.codeborne.selenide.commands.Click.click(Click.java:26)
	at com.codeborne.selenide.commands.Click.execute(Click.java:13)
	at com.codeborne.selenide.commands.Click.execute(Click.java:9)
	at com.codeborne.selenide.commands.Commands.execute(Commands.java:144)
	at com.codeborne.selenide.impl.SelenideElementProxy.dispatchAndRetry(SelenideElementProxy.java:99)
	... 28 more
</stack-trace>
            </failure>
            <steps/>
            <attachments/>
            <labels>
                <label name="testSuite" value="Default Suite"/>
                <label name="testGroup" value="wombat_admin"/>
                <label name="testClass" value="ru.wombat.admin.tests.Tests.AddUserTest"/>
                <label name="testMethod" value="displayingCreatedUserInAllUsersListTest"/>
                <label name="host" value="MacBook-Aleksandr.local"/>
                <label name="thread" value="34467@MacBook-Aleksandr.local.main(1)"/>
            </labels>
        </test-case>
        <test-case start="1545729474547" stop="1545729480957" status="failed">
            <name>nonDisplayingCreatedUserInArchivateListTest</name>
            <failure>
                <message>ElementNotFound: Element not found {div[class^='Select-value'].findBy(text 'Активные')}
Expected: visible</message>
                <stack-trace>Element not found {div[class^='Select-value'].findBy(text 'Активные')}
Expected: visible
Screenshot: file:/Users/aleksandrtkacenko/Documents/GitHub/wombat_admin/build/reports/tests/1545729480284.1.png
Page source: file:/Users/aleksandrtkacenko/Documents/GitHub/wombat_admin/build/reports/tests/1545729480284.1.html
Timeout: 4 s.
Caused by: StaleElementReferenceException: stale element reference: element is not attached to the page document
	at com.codeborne.selenide.impl.WebElementSource.createElementNotFoundError(WebElementSource.java:34)
	at com.codeborne.selenide.impl.CollectionElementByCondition.createElementNotFoundError(CollectionElementByCondition.java:59)
	at com.codeborne.selenide.impl.WebElementSource.checkCondition(WebElementSource.java:62)
	at com.codeborne.selenide.impl.WebElementSource.findAndAssertElementIsVisible(WebElementSource.java:75)
	at com.codeborne.selenide.commands.Click.execute(Click.java:13)
	at com.codeborne.selenide.commands.Click.execute(Click.java:9)
	at com.codeborne.selenide.commands.Commands.execute(Commands.java:144)
	at com.codeborne.selenide.impl.SelenideElementProxy.dispatchAndRetry(SelenideElementProxy.java:99)
	at com.codeborne.selenide.impl.SelenideElementProxy.invoke(SelenideElementProxy.java:65)
	at com.sun.proxy.$Proxy6.click(Unknown Source)
	at ru.wombat.admin.tests.Tests.TestBase.goToArchivateUsersList(TestBase.java:204)
	at ru.wombat.admin.tests.Tests.AddUserTest.nonDisplayingCreatedUserInArchivateListTest(AddUserTest.java:299)
	at sun.reflect.NativeMethodAccessorImpl.invoke0(Native Method)
	at sun.reflect.NativeMethodAccessorImpl.invoke(NativeMethodAccessorImpl.java:62)
	at sun.reflect.DelegatingMethodAccessorImpl.invoke(DelegatingMethodAccessorImpl.java:43)
	at java.lang.reflect.Method.invoke(Method.java:498)
	at org.testng.internal.MethodInvocationHelper.invokeMethod(MethodInvocationHelper.java:131)
	at org.testng.internal.Invoker.invokeMethod(Invoker.java:687)
	at org.testng.internal.Invoker.invokeTestMethod(Invoker.java:821)
	at org.testng.internal.Invoker.invokeTestMethods(Invoker.java:1128)
	at org.testng.internal.TestMethodWorker.invokeTestMethods(TestMethodWorker.java:140)
	at org.testng.internal.TestMethodWorker.run(TestMethodWorker.java:122)
	at org.testng.TestRunner.privateRun(TestRunner.java:724)
	at org.testng.TestRunner.run(TestRunner.java:574)
	at org.testng.SuiteRunner.runTest(SuiteRunner.java:398)
	at org.testng.SuiteRunner.runSequentially(SuiteRunner.java:392)
	at org.testng.SuiteRunner.privateRun(SuiteRunner.java:354)
	at org.testng.SuiteRunner.run(SuiteRunner.java:302)
	at org.testng.SuiteRunnerWorker.runSuite(SuiteRunnerWorker.java:53)
	at org.testng.SuiteRunnerWorker.run(SuiteRunnerWorker.java:96)
	at org.testng.TestNG.runSuitesSequentially(TestNG.java:1142)
	at org.testng.TestNG.runSuitesLocally(TestNG.java:1064)
	at org.testng.TestNG.runSuites(TestNG.java:994)
	at org.testng.TestNG.run(TestNG.java:962)
	at org.testng.IDEARemoteTestNG.run(IDEARemoteTestNG.java:72)
	at org.testng.RemoteTestNGStarter.main(RemoteTestNGStarter.java:123)
Caused by: org.openqa.selenium.StaleElementReferenceException: stale element reference: element is not attached to the page document
  (Session info: chrome=71.0.3578.98)
  (Driver info: chromedriver=72.0.3626.7 (efcef9a3ecda02b2132af215116a03852d08b9cb),platform=Mac OS X 10.14.0 x86_64) (WARNING: The server did not provide any stacktrace information)
Command duration or timeout: 0 milliseconds
For documentation on this error, please visit: http://seleniumhq.org/exceptions/stale_element_reference.html
Build info: version: '3.141.5', revision: 'd54ebd709a', time: '2018-11-06T11:42:16'
System info: host: 'MacBook-Aleksandr.local', ip: 'fe80:0:0:0:8d3:81fa:60cc:4837%en0', os.name: 'Mac OS X', os.arch: 'x86_64', os.version: '10.14', java.version: '1.8.0_191'
Driver info: org.openqa.selenium.chrome.ChromeDriver
Capabilities {acceptInsecureCerts: false, acceptSslCerts: false, applicationCacheEnabled: false, browserConnectionEnabled: false, browserName: chrome, chrome: {chromedriverVersion: 72.0.3626.7 (efcef9a3ecda02..., userDataDir: /var/folders/27/0q6bmg7n40g...}, cssSelectorsEnabled: true, databaseEnabled: false, goog:chromeOptions: {debuggerAddress: localhost:57502}, handlesAlerts: true, hasTouchScreen: false, javascriptEnabled: true, locationContextEnabled: true, mobileEmulationEnabled: false, nativeEvents: true, networkConnectionEnabled: false, pageLoadStrategy: normal, platform: MAC, platformName: MAC, proxy: Proxy(), rotatable: false, setWindowRect: true, takesHeapSnapshot: true, takesScreenshot: true, timeouts: {implicit: 0, pageLoad: 300000, script: 30000}, unexpectedAlertBehaviour: ignore, unhandledPromptBehavior: ignore, version: 71.0.3578.98, webStorageEnabled: true}
Session ID: 3173f7887472e6eeb767ff7bdd67496a
	at sun.reflect.NativeConstructorAccessorImpl.newInstance0(Native Method)
	at sun.reflect.NativeConstructorAccessorImpl.newInstance(NativeConstructorAccessorImpl.java:62)
	at sun.reflect.DelegatingConstructorAccessorImpl.newInstance(DelegatingConstructorAccessorImpl.java:45)
	at java.lang.reflect.Constructor.newInstance(Constructor.java:423)
	at org.openqa.selenium.remote.ErrorHandler.createThrowable(ErrorHandler.java:214)
	at org.openqa.selenium.remote.ErrorHandler.throwIfResponseFailed(ErrorHandler.java:166)
	at org.openqa.selenium.remote.http.JsonHttpResponseCodec.reconstructValue(JsonHttpResponseCodec.java:40)
	at org.openqa.selenium.remote.http.AbstractHttpResponseCodec.decode(AbstractHttpResponseCodec.java:80)
	at org.openqa.selenium.remote.http.AbstractHttpResponseCodec.decode(AbstractHttpResponseCodec.java:44)
	at org.openqa.selenium.remote.HttpCommandExecutor.execute(HttpCommandExecutor.java:158)
	at org.openqa.selenium.remote.service.DriverCommandExecutor.execute(DriverCommandExecutor.java:83)
	at org.openqa.selenium.remote.RemoteWebDriver.execute(RemoteWebDriver.java:552)
	at org.openqa.selenium.remote.RemoteWebElement.execute(RemoteWebElement.java:285)
	at org.openqa.selenium.remote.RemoteWebElement.getTagName(RemoteWebElement.java:128)
	at com.codeborne.selenide.conditions.Text.apply(Text.java:20)
	at com.codeborne.selenide.impl.CollectionElementByCondition.getWebElement(CollectionElementByCondition.java:40)
	at com.codeborne.selenide.impl.WebElementSource.checkCondition(WebElementSource.java:47)
	... 33 more
</stack-trace>
            </failure>
            <steps/>
            <attachments/>
            <labels>
                <label name="testSuite" value="Default Suite"/>
                <label name="testGroup" value="wombat_admin"/>
                <label name="testClass" value="ru.wombat.admin.tests.Tests.AddUserTest"/>
                <label name="testMethod" value="nonDisplayingCreatedUserInArchivateListTest"/>
                <label name="host" value="MacBook-Aleksandr.local"/>
                <label name="thread" value="34467@MacBook-Aleksandr.local.main(1)"/>
            </labels>
        </test-case>
    </test-cases>
    <labels>
        <label name="framework" value="TestNG"/>
        <label name="language" value="JAVA"/>
    </labels>
</ns2:test-suite>
