<?xml version="1.0" encoding="UTF-8" standalone="yes"?>
<ns2:test-suite start="1545469594930" stop="1545469595309" version="1.5.4" xmlns:ns2="urn:model.allure.qatools.yandex.ru">
    <name>Default Suite : wombat_admin</name>
    <title>Default Suite : wombat_admin</title>
    <test-cases>
        <test-case start="1545469594912" stop="1545469594918" status="failed">
            <name>login</name>
            <description>@BeforeSuite</description>
            <failure>
                <message>ElementNotFound: Element not found {By.id: passp-field-passwd}
Expected: visible</message>
                <stack-trace>Element not found {By.id: passp-field-passwd}
Expected: visible
Page source: file:/Users/aleksandrtkacenko/Documents/GitHub/wombat_admin/build/reports/tests/1545469594868.0.html
Timeout: 4 s.
Caused by: NoSuchWindowException: no such window: window was already closed
	at com.codeborne.selenide.impl.WebElementSource.createElementNotFoundError(WebElementSource.java:34)
	at com.codeborne.selenide.impl.ElementFinder.createElementNotFoundError(ElementFinder.java:100)
	at com.codeborne.selenide.impl.WebElementSource.checkCondition(WebElementSource.java:62)
	at com.codeborne.selenide.impl.WebElementSource.findAndAssertElementIsVisible(WebElementSource.java:75)
	at com.codeborne.selenide.commands.SetValue.execute(SetValue.java:29)
	at com.codeborne.selenide.commands.SetValue.execute(SetValue.java:12)
	at com.codeborne.selenide.commands.Commands.execute(Commands.java:144)
	at com.codeborne.selenide.impl.SelenideElementProxy.dispatchAndRetry(SelenideElementProxy.java:99)
	at com.codeborne.selenide.impl.SelenideElementProxy.invoke(SelenideElementProxy.java:65)
	at com.sun.proxy.$Proxy6.setValue(Unknown Source)
	at ru.wombat.admin.tests.Tests.TestBase.login(TestBase.java:43)
	at sun.reflect.NativeMethodAccessorImpl.invoke0(Native Method)
	at sun.reflect.NativeMethodAccessorImpl.invoke(NativeMethodAccessorImpl.java:62)
	at sun.reflect.DelegatingMethodAccessorImpl.invoke(DelegatingMethodAccessorImpl.java:43)
	at java.lang.reflect.Method.invoke(Method.java:498)
	at org.testng.internal.MethodInvocationHelper.invokeMethod(MethodInvocationHelper.java:131)
	at org.testng.internal.MethodInvocationHelper.invokeMethodConsideringTimeout(MethodInvocationHelper.java:61)
	at org.testng.internal.Invoker.invokeConfigurationMethod(Invoker.java:519)
	at org.testng.internal.Invoker.invokeConfigurations(Invoker.java:243)
	at org.testng.internal.Invoker.invokeConfigurations(Invoker.java:145)
	at org.testng.SuiteRunner.privateRun(SuiteRunner.java:338)
	at org.testng.SuiteRunner.run(SuiteRunner.java:302)
	at org.testng.SuiteRunnerWorker.runSuite(SuiteRunnerWorker.java:53)
	at org.testng.SuiteRunnerWorker.run(SuiteRunnerWorker.java:96)
	at org.testng.TestNG.runSuitesSequentially(TestNG.java:1142)
	at org.testng.TestNG.runSuitesLocally(TestNG.java:1064)
	at org.testng.TestNG.runSuites(TestNG.java:994)
	at org.testng.TestNG.run(TestNG.java:962)
	at org.testng.IDEARemoteTestNG.run(IDEARemoteTestNG.java:72)
	at org.testng.RemoteTestNGStarter.main(RemoteTestNGStarter.java:123)
Caused by: org.openqa.selenium.NoSuchWindowException: no such window: window was already closed
  (Session info: chrome=71.0.3578.98)
  (Driver info: chromedriver=72.0.3626.7 (efcef9a3ecda02b2132af215116a03852d08b9cb),platform=Mac OS X 10.14.0 x86_64) (WARNING: The server did not provide any stacktrace information)
Command duration or timeout: 0 milliseconds
Build info: version: '3.141.5', revision: 'd54ebd709a', time: '2018-11-06T11:42:16'
System info: host: 'MacBookleksandr.Dlink', ip: 'fd01:0:0:0:850d:822c:45ca:d3a2%en0', os.name: 'Mac OS X', os.arch: 'x86_64', os.version: '10.14', java.version: '1.8.0_191'
Driver info: org.openqa.selenium.chrome.ChromeDriver
Capabilities {acceptInsecureCerts: false, acceptSslCerts: false, applicationCacheEnabled: false, browserConnectionEnabled: false, browserName: chrome, chrome: {chromedriverVersion: 72.0.3626.7 (efcef9a3ecda02..., userDataDir: /var/folders/27/0q6bmg7n40g...}, cssSelectorsEnabled: true, databaseEnabled: false, goog:chromeOptions: {debuggerAddress: localhost:54684}, handlesAlerts: true, hasTouchScreen: false, javascriptEnabled: true, locationContextEnabled: true, mobileEmulationEnabled: false, nativeEvents: true, networkConnectionEnabled: false, pageLoadStrategy: normal, platform: MAC, platformName: MAC, proxy: Proxy(), rotatable: false, setWindowRect: true, takesHeapSnapshot: true, takesScreenshot: true, timeouts: {implicit: 0, pageLoad: 300000, script: 30000}, unexpectedAlertBehaviour: ignore, unhandledPromptBehavior: ignore, version: 71.0.3578.98, webStorageEnabled: true}
Session ID: 3c246ffda9960da457575060301bcb5a
*** Element info: {Using=id, value=passp-field-passwd}
	at sun.reflect.NativeConstructorAccessorImpl.newInstance0(Native Method)
	at sun.reflect.NativeConstructorAccessorImpl.newInstance(NativeConstructorAccessorImpl.java:62)
	at sun.reflect.DelegatingConstructorAccessorImpl.newInstance(DelegatingConstructorAccessorImpl.java:45)
	at java.lang.reflect.Constructor.newInstance(Constructor.java:423)
	at org.openqa.selenium.remote.ErrorHandler.createThrowable(ErrorHandler.java:214)
	at org.openqa.selenium.remote.ErrorHandler.throwIfResponseFailed(ErrorHandler.java:166)
	at org.openqa.selenium.remote.http.JsonHttpResponseCodec.reconstructValue(JsonHttpResponseCodec.java:40)
	at org.openqa.selenium.remote.http.AbstractHttpResponseCodec.decode(AbstractHttpResponseCodec.java:80)
	at org.openqa.selenium.remote.http.AbstractHttpResponseCodec.decode(AbstractHttpResponseCodec.java:44)
	at org.openqa.selenium.remote.HttpCommandExecutor.execute(HttpCommandExecutor.java:158)
	at org.openqa.selenium.remote.service.DriverCommandExecutor.execute(DriverCommandExecutor.java:83)
	at org.openqa.selenium.remote.RemoteWebDriver.execute(RemoteWebDriver.java:552)
	at org.openqa.selenium.remote.RemoteWebDriver.findElement(RemoteWebDriver.java:323)
	at org.openqa.selenium.remote.RemoteWebDriver.findElementById(RemoteWebDriver.java:372)
	at org.openqa.selenium.By$ById.findElement(By.java:188)
	at org.openqa.selenium.remote.RemoteWebDriver.findElement(RemoteWebDriver.java:315)
	at com.codeborne.selenide.impl.WebElementSelector.findElement(WebElementSelector.java:28)
	at com.codeborne.selenide.impl.ElementFinder.getWebElement(ElementFinder.java:74)
	at com.codeborne.selenide.impl.WebElementSource.checkCondition(WebElementSource.java:47)
	... 27 more
</stack-trace>
            </failure>
            <steps/>
            <attachments/>
            <labels>
                <label name="host" value="MacBookleksandr.Dlink"/>
                <label name="thread" value="29419@MacBookleksandr.Dlink.main(1)"/>
            </labels>
        </test-case>
        <test-case start="1545469595001" stop="1545469595003" status="canceled">
            <name>adminCanOpenAndCloseAddUserForm</name>
            <failure>
                <message>: Skipped due to dependency on other skipped or failed test methods</message>
                <stack-trace>ru.yandex.qatools.allure.testng.AllureTestListener$1: Skipped due to dependency on other skipped or failed test methods
	at ru.yandex.qatools.allure.testng.AllureTestListener.fireTestCaseCancel(AllureTestListener.java:425)
	at ru.yandex.qatools.allure.testng.AllureTestListener.onTestSkipped(AllureTestListener.java:186)
	at org.testng.internal.TestListenerHelper.runTestListeners(TestListenerHelper.java:60)
	at org.testng.internal.Invoker.runTestListeners(Invoker.java:1545)
	at org.testng.internal.Invoker.registerSkippedTestResult(Invoker.java:1216)
	at org.testng.internal.Invoker.invokeMethod(Invoker.java:620)
	at org.testng.internal.Invoker.invokeTestMethod(Invoker.java:821)
	at org.testng.internal.Invoker.invokeTestMethods(Invoker.java:1128)
	at org.testng.internal.TestMethodWorker.invokeTestMethods(TestMethodWorker.java:140)
	at org.testng.internal.TestMethodWorker.run(TestMethodWorker.java:122)
	at org.testng.TestRunner.privateRun(TestRunner.java:724)
	at org.testng.TestRunner.run(TestRunner.java:574)
	at org.testng.SuiteRunner.runTest(SuiteRunner.java:398)
	at org.testng.SuiteRunner.runSequentially(SuiteRunner.java:392)
	at org.testng.SuiteRunner.privateRun(SuiteRunner.java:354)
	at org.testng.SuiteRunner.run(SuiteRunner.java:302)
	at org.testng.SuiteRunnerWorker.runSuite(SuiteRunnerWorker.java:53)
	at org.testng.SuiteRunnerWorker.run(SuiteRunnerWorker.java:96)
	at org.testng.TestNG.runSuitesSequentially(TestNG.java:1142)
	at org.testng.TestNG.runSuitesLocally(TestNG.java:1064)
	at org.testng.TestNG.runSuites(TestNG.java:994)
	at org.testng.TestNG.run(TestNG.java:962)
	at org.testng.IDEARemoteTestNG.run(IDEARemoteTestNG.java:72)
	at org.testng.RemoteTestNGStarter.main(RemoteTestNGStarter.java:123)
</stack-trace>
            </failure>
            <steps/>
            <attachments/>
            <labels>
                <label name="testSuite" value="Default Suite"/>
                <label name="testGroup" value="wombat_admin"/>
                <label name="testClass" value="ru.wombat.admin.tests.Tests.AddUserTest"/>
                <label name="testMethod" value="adminCanOpenAndCloseAddUserForm"/>
                <label name="host" value="MacBookleksandr.Dlink"/>
                <label name="thread" value="29419@MacBookleksandr.Dlink.main(1)"/>
            </labels>
        </test-case>
        <test-case start="1545469595010" stop="1545469595011" status="canceled">
            <name>adminCanCloseEditUserForm</name>
            <failure>
                <message>: Skipped due to dependency on other skipped or failed test methods</message>
                <stack-trace>ru.yandex.qatools.allure.testng.AllureTestListener$1: Skipped due to dependency on other skipped or failed test methods
	at ru.yandex.qatools.allure.testng.AllureTestListener.fireTestCaseCancel(AllureTestListener.java:425)
	at ru.yandex.qatools.allure.testng.AllureTestListener.onTestSkipped(AllureTestListener.java:186)
	at org.testng.internal.TestListenerHelper.runTestListeners(TestListenerHelper.java:60)
	at org.testng.internal.Invoker.runTestListeners(Invoker.java:1545)
	at org.testng.internal.Invoker.registerSkippedTestResult(Invoker.java:1216)
	at org.testng.internal.Invoker.invokeMethod(Invoker.java:620)
	at org.testng.internal.Invoker.invokeTestMethod(Invoker.java:821)
	at org.testng.internal.Invoker.invokeTestMethods(Invoker.java:1128)
	at org.testng.internal.TestMethodWorker.invokeTestMethods(TestMethodWorker.java:140)
	at org.testng.internal.TestMethodWorker.run(TestMethodWorker.java:122)
	at org.testng.TestRunner.privateRun(TestRunner.java:724)
	at org.testng.TestRunner.run(TestRunner.java:574)
	at org.testng.SuiteRunner.runTest(SuiteRunner.java:398)
	at org.testng.SuiteRunner.runSequentially(SuiteRunner.java:392)
	at org.testng.SuiteRunner.privateRun(SuiteRunner.java:354)
	at org.testng.SuiteRunner.run(SuiteRunner.java:302)
	at org.testng.SuiteRunnerWorker.runSuite(SuiteRunnerWorker.java:53)
	at org.testng.SuiteRunnerWorker.run(SuiteRunnerWorker.java:96)
	at org.testng.TestNG.runSuitesSequentially(TestNG.java:1142)
	at org.testng.TestNG.runSuitesLocally(TestNG.java:1064)
	at org.testng.TestNG.runSuites(TestNG.java:994)
	at org.testng.TestNG.run(TestNG.java:962)
	at org.testng.IDEARemoteTestNG.run(IDEARemoteTestNG.java:72)
	at org.testng.RemoteTestNGStarter.main(RemoteTestNGStarter.java:123)
</stack-trace>
            </failure>
            <steps/>
            <attachments/>
            <labels>
                <label name="testSuite" value="Default Suite"/>
                <label name="testGroup" value="wombat_admin"/>
                <label name="testClass" value="ru.wombat.admin.tests.Tests.AddUserTest"/>
                <label name="testMethod" value="adminCanCloseEditUserForm"/>
                <label name="host" value="MacBookleksandr.Dlink"/>
                <label name="thread" value="29419@MacBookleksandr.Dlink.main(1)"/>
            </labels>
        </test-case>
        <test-case start="1545469595020" stop="1545469595022" status="canceled">
            <name>adminCanSearchUserByUsername</name>
            <failure>
                <message>: Skipped due to dependency on other skipped or failed test methods</message>
                <stack-trace>ru.yandex.qatools.allure.testng.AllureTestListener$1: Skipped due to dependency on other skipped or failed test methods
	at ru.yandex.qatools.allure.testng.AllureTestListener.fireTestCaseCancel(AllureTestListener.java:425)
	at ru.yandex.qatools.allure.testng.AllureTestListener.onTestSkipped(AllureTestListener.java:186)
	at org.testng.internal.TestListenerHelper.runTestListeners(TestListenerHelper.java:60)
	at org.testng.internal.Invoker.runTestListeners(Invoker.java:1545)
	at org.testng.internal.Invoker.registerSkippedTestResult(Invoker.java:1216)
	at org.testng.internal.Invoker.invokeMethod(Invoker.java:620)
	at org.testng.internal.Invoker.invokeTestMethod(Invoker.java:821)
	at org.testng.internal.Invoker.invokeTestMethods(Invoker.java:1128)
	at org.testng.internal.TestMethodWorker.invokeTestMethods(TestMethodWorker.java:140)
	at org.testng.internal.TestMethodWorker.run(TestMethodWorker.java:122)
	at org.testng.TestRunner.privateRun(TestRunner.java:724)
	at org.testng.TestRunner.run(TestRunner.java:574)
	at org.testng.SuiteRunner.runTest(SuiteRunner.java:398)
	at org.testng.SuiteRunner.runSequentially(SuiteRunner.java:392)
	at org.testng.SuiteRunner.privateRun(SuiteRunner.java:354)
	at org.testng.SuiteRunner.run(SuiteRunner.java:302)
	at org.testng.SuiteRunnerWorker.runSuite(SuiteRunnerWorker.java:53)
	at org.testng.SuiteRunnerWorker.run(SuiteRunnerWorker.java:96)
	at org.testng.TestNG.runSuitesSequentially(TestNG.java:1142)
	at org.testng.TestNG.runSuitesLocally(TestNG.java:1064)
	at org.testng.TestNG.runSuites(TestNG.java:994)
	at org.testng.TestNG.run(TestNG.java:962)
	at org.testng.IDEARemoteTestNG.run(IDEARemoteTestNG.java:72)
	at org.testng.RemoteTestNGStarter.main(RemoteTestNGStarter.java:123)
</stack-trace>
            </failure>
            <steps/>
            <attachments/>
            <labels>
                <label name="testSuite" value="Default Suite"/>
                <label name="testGroup" value="wombat_admin"/>
                <label name="testClass" value="ru.wombat.admin.tests.Tests.AddUserTest"/>
                <label name="testMethod" value="adminCanSearchUserByUsername"/>
                <label name="host" value="MacBookleksandr.Dlink"/>
                <label name="thread" value="29419@MacBookleksandr.Dlink.main(1)"/>
            </labels>
        </test-case>
        <test-case start="1545469595026" stop="1545469595029" status="canceled">
            <name>adminCanChangeUserDisplayingToGrid</name>
            <failure>
                <message>: Skipped due to dependency on other skipped or failed test methods</message>
                <stack-trace>ru.yandex.qatools.allure.testng.AllureTestListener$1: Skipped due to dependency on other skipped or failed test methods
	at ru.yandex.qatools.allure.testng.AllureTestListener.fireTestCaseCancel(AllureTestListener.java:425)
	at ru.yandex.qatools.allure.testng.AllureTestListener.onTestSkipped(AllureTestListener.java:186)
	at org.testng.internal.TestListenerHelper.runTestListeners(TestListenerHelper.java:60)
	at org.testng.internal.Invoker.runTestListeners(Invoker.java:1545)
	at org.testng.internal.Invoker.registerSkippedTestResult(Invoker.java:1216)
	at org.testng.internal.Invoker.invokeMethod(Invoker.java:620)
	at org.testng.internal.Invoker.invokeTestMethod(Invoker.java:821)
	at org.testng.internal.Invoker.invokeTestMethods(Invoker.java:1128)
	at org.testng.internal.TestMethodWorker.invokeTestMethods(TestMethodWorker.java:140)
	at org.testng.internal.TestMethodWorker.run(TestMethodWorker.java:122)
	at org.testng.TestRunner.privateRun(TestRunner.java:724)
	at org.testng.TestRunner.run(TestRunner.java:574)
	at org.testng.SuiteRunner.runTest(SuiteRunner.java:398)
	at org.testng.SuiteRunner.runSequentially(SuiteRunner.java:392)
	at org.testng.SuiteRunner.privateRun(SuiteRunner.java:354)
	at org.testng.SuiteRunner.run(SuiteRunner.java:302)
	at org.testng.SuiteRunnerWorker.runSuite(SuiteRunnerWorker.java:53)
	at org.testng.SuiteRunnerWorker.run(SuiteRunnerWorker.java:96)
	at org.testng.TestNG.runSuitesSequentially(TestNG.java:1142)
	at org.testng.TestNG.runSuitesLocally(TestNG.java:1064)
	at org.testng.TestNG.runSuites(TestNG.java:994)
	at org.testng.TestNG.run(TestNG.java:962)
	at org.testng.IDEARemoteTestNG.run(IDEARemoteTestNG.java:72)
	at org.testng.RemoteTestNGStarter.main(RemoteTestNGStarter.java:123)
</stack-trace>
            </failure>
            <steps/>
            <attachments/>
            <labels>
                <label name="testSuite" value="Default Suite"/>
                <label name="testGroup" value="wombat_admin"/>
                <label name="testClass" value="ru.wombat.admin.tests.Tests.AddUserTest"/>
                <label name="testMethod" value="adminCanChangeUserDisplayingToGrid"/>
                <label name="host" value="MacBookleksandr.Dlink"/>
                <label name="thread" value="29419@MacBookleksandr.Dlink.main(1)"/>
            </labels>
        </test-case>
        <test-case start="1545469595034" stop="1545469595039" status="canceled">
            <name>adminCanCloseAddFormWithFiledFields</name>
            <failure>
                <message>: Skipped due to dependency on other skipped or failed test methods</message>
                <stack-trace>ru.yandex.qatools.allure.testng.AllureTestListener$1: Skipped due to dependency on other skipped or failed test methods
	at ru.yandex.qatools.allure.testng.AllureTestListener.fireTestCaseCancel(AllureTestListener.java:425)
	at ru.yandex.qatools.allure.testng.AllureTestListener.onTestSkipped(AllureTestListener.java:186)
	at org.testng.internal.TestListenerHelper.runTestListeners(TestListenerHelper.java:60)
	at org.testng.internal.Invoker.runTestListeners(Invoker.java:1545)
	at org.testng.internal.Invoker.registerSkippedTestResult(Invoker.java:1216)
	at org.testng.internal.Invoker.invokeMethod(Invoker.java:620)
	at org.testng.internal.Invoker.invokeTestMethod(Invoker.java:821)
	at org.testng.internal.Invoker.invokeTestMethods(Invoker.java:1128)
	at org.testng.internal.TestMethodWorker.invokeTestMethods(TestMethodWorker.java:140)
	at org.testng.internal.TestMethodWorker.run(TestMethodWorker.java:122)
	at org.testng.TestRunner.privateRun(TestRunner.java:724)
	at org.testng.TestRunner.run(TestRunner.java:574)
	at org.testng.SuiteRunner.runTest(SuiteRunner.java:398)
	at org.testng.SuiteRunner.runSequentially(SuiteRunner.java:392)
	at org.testng.SuiteRunner.privateRun(SuiteRunner.java:354)
	at org.testng.SuiteRunner.run(SuiteRunner.java:302)
	at org.testng.SuiteRunnerWorker.runSuite(SuiteRunnerWorker.java:53)
	at org.testng.SuiteRunnerWorker.run(SuiteRunnerWorker.java:96)
	at org.testng.TestNG.runSuitesSequentially(TestNG.java:1142)
	at org.testng.TestNG.runSuitesLocally(TestNG.java:1064)
	at org.testng.TestNG.runSuites(TestNG.java:994)
	at org.testng.TestNG.run(TestNG.java:962)
	at org.testng.IDEARemoteTestNG.run(IDEARemoteTestNG.java:72)
	at org.testng.RemoteTestNGStarter.main(RemoteTestNGStarter.java:123)
</stack-trace>
            </failure>
            <steps/>
            <attachments/>
            <labels>
                <label name="testSuite" value="Default Suite"/>
                <label name="testGroup" value="wombat_admin"/>
                <label name="testClass" value="ru.wombat.admin.tests.Tests.AddUserTest"/>
                <label name="testMethod" value="adminCanCloseAddFormWithFiledFields"/>
                <label name="host" value="MacBookleksandr.Dlink"/>
                <label name="thread" value="29419@MacBookleksandr.Dlink.main(1)"/>
            </labels>
        </test-case>
        <test-case start="1545469595053" stop="1545469595054" status="canceled">
            <name>adminCanAddNewUser</name>
            <failure>
                <message>: Skipped due to dependency on other skipped or failed test methods</message>
                <stack-trace>ru.yandex.qatools.allure.testng.AllureTestListener$1: Skipped due to dependency on other skipped or failed test methods
	at ru.yandex.qatools.allure.testng.AllureTestListener.fireTestCaseCancel(AllureTestListener.java:425)
	at ru.yandex.qatools.allure.testng.AllureTestListener.onTestSkipped(AllureTestListener.java:186)
	at org.testng.internal.TestListenerHelper.runTestListeners(TestListenerHelper.java:60)
	at org.testng.internal.Invoker.runTestListeners(Invoker.java:1545)
	at org.testng.internal.Invoker.registerSkippedTestResult(Invoker.java:1216)
	at org.testng.internal.Invoker.invokeMethod(Invoker.java:620)
	at org.testng.internal.Invoker.invokeTestMethod(Invoker.java:821)
	at org.testng.internal.Invoker.invokeTestMethods(Invoker.java:1128)
	at org.testng.internal.TestMethodWorker.invokeTestMethods(TestMethodWorker.java:140)
	at org.testng.internal.TestMethodWorker.run(TestMethodWorker.java:122)
	at org.testng.TestRunner.privateRun(TestRunner.java:724)
	at org.testng.TestRunner.run(TestRunner.java:574)
	at org.testng.SuiteRunner.runTest(SuiteRunner.java:398)
	at org.testng.SuiteRunner.runSequentially(SuiteRunner.java:392)
	at org.testng.SuiteRunner.privateRun(SuiteRunner.java:354)
	at org.testng.SuiteRunner.run(SuiteRunner.java:302)
	at org.testng.SuiteRunnerWorker.runSuite(SuiteRunnerWorker.java:53)
	at org.testng.SuiteRunnerWorker.run(SuiteRunnerWorker.java:96)
	at org.testng.TestNG.runSuitesSequentially(TestNG.java:1142)
	at org.testng.TestNG.runSuitesLocally(TestNG.java:1064)
	at org.testng.TestNG.runSuites(TestNG.java:994)
	at org.testng.TestNG.run(TestNG.java:962)
	at org.testng.IDEARemoteTestNG.run(IDEARemoteTestNG.java:72)
	at org.testng.RemoteTestNGStarter.main(RemoteTestNGStarter.java:123)
</stack-trace>
            </failure>
            <steps/>
            <attachments/>
            <labels>
                <label name="testSuite" value="Default Suite"/>
                <label name="testGroup" value="wombat_admin"/>
                <label name="testClass" value="ru.wombat.admin.tests.Tests.AddUserTest"/>
                <label name="testMethod" value="adminCanAddNewUser"/>
                <label name="severity" value="critical"/>
                <label name="host" value="MacBookleksandr.Dlink"/>
                <label name="thread" value="29419@MacBookleksandr.Dlink.main(1)"/>
            </labels>
        </test-case>
        <test-case start="1545469595058" stop="1545469595059" status="canceled">
            <name>adminCanEditUserData</name>
            <failure>
                <message>: Skipped due to dependency on other skipped or failed test methods</message>
                <stack-trace>ru.yandex.qatools.allure.testng.AllureTestListener$1: Skipped due to dependency on other skipped or failed test methods
	at ru.yandex.qatools.allure.testng.AllureTestListener.fireTestCaseCancel(AllureTestListener.java:425)
	at ru.yandex.qatools.allure.testng.AllureTestListener.onTestSkipped(AllureTestListener.java:186)
	at org.testng.internal.TestListenerHelper.runTestListeners(TestListenerHelper.java:60)
	at org.testng.internal.Invoker.runTestListeners(Invoker.java:1545)
	at org.testng.internal.Invoker.registerSkippedTestResult(Invoker.java:1216)
	at org.testng.internal.Invoker.invokeMethod(Invoker.java:620)
	at org.testng.internal.Invoker.invokeTestMethod(Invoker.java:821)
	at org.testng.internal.Invoker.invokeTestMethods(Invoker.java:1128)
	at org.testng.internal.TestMethodWorker.invokeTestMethods(TestMethodWorker.java:140)
	at org.testng.internal.TestMethodWorker.run(TestMethodWorker.java:122)
	at org.testng.TestRunner.privateRun(TestRunner.java:724)
	at org.testng.TestRunner.run(TestRunner.java:574)
	at org.testng.SuiteRunner.runTest(SuiteRunner.java:398)
	at org.testng.SuiteRunner.runSequentially(SuiteRunner.java:392)
	at org.testng.SuiteRunner.privateRun(SuiteRunner.java:354)
	at org.testng.SuiteRunner.run(SuiteRunner.java:302)
	at org.testng.SuiteRunnerWorker.runSuite(SuiteRunnerWorker.java:53)
	at org.testng.SuiteRunnerWorker.run(SuiteRunnerWorker.java:96)
	at org.testng.TestNG.runSuitesSequentially(TestNG.java:1142)
	at org.testng.TestNG.runSuitesLocally(TestNG.java:1064)
	at org.testng.TestNG.runSuites(TestNG.java:994)
	at org.testng.TestNG.run(TestNG.java:962)
	at org.testng.IDEARemoteTestNG.run(IDEARemoteTestNG.java:72)
	at org.testng.RemoteTestNGStarter.main(RemoteTestNGStarter.java:123)
</stack-trace>
            </failure>
            <steps/>
            <attachments/>
            <labels>
                <label name="testSuite" value="Default Suite"/>
                <label name="testGroup" value="wombat_admin"/>
                <label name="testClass" value="ru.wombat.admin.tests.Tests.AddUserTest"/>
                <label name="testMethod" value="adminCanEditUserData"/>
                <label name="severity" value="critical"/>
                <label name="host" value="MacBookleksandr.Dlink"/>
                <label name="thread" value="29419@MacBookleksandr.Dlink.main(1)"/>
            </labels>
        </test-case>
        <test-case start="1545469595061" stop="1545469595063" status="canceled">
            <name>adminCanUpgradeUser</name>
            <failure>
                <message>: Skipped due to dependency on other skipped or failed test methods</message>
                <stack-trace>ru.yandex.qatools.allure.testng.AllureTestListener$1: Skipped due to dependency on other skipped or failed test methods
	at ru.yandex.qatools.allure.testng.AllureTestListener.fireTestCaseCancel(AllureTestListener.java:425)
	at ru.yandex.qatools.allure.testng.AllureTestListener.onTestSkipped(AllureTestListener.java:186)
	at org.testng.internal.TestListenerHelper.runTestListeners(TestListenerHelper.java:60)
	at org.testng.internal.Invoker.runTestListeners(Invoker.java:1545)
	at org.testng.internal.Invoker.registerSkippedTestResult(Invoker.java:1216)
	at org.testng.internal.Invoker.invokeMethod(Invoker.java:620)
	at org.testng.internal.Invoker.invokeTestMethod(Invoker.java:821)
	at org.testng.internal.Invoker.invokeTestMethods(Invoker.java:1128)
	at org.testng.internal.TestMethodWorker.invokeTestMethods(TestMethodWorker.java:140)
	at org.testng.internal.TestMethodWorker.run(TestMethodWorker.java:122)
	at org.testng.TestRunner.privateRun(TestRunner.java:724)
	at org.testng.TestRunner.run(TestRunner.java:574)
	at org.testng.SuiteRunner.runTest(SuiteRunner.java:398)
	at org.testng.SuiteRunner.runSequentially(SuiteRunner.java:392)
	at org.testng.SuiteRunner.privateRun(SuiteRunner.java:354)
	at org.testng.SuiteRunner.run(SuiteRunner.java:302)
	at org.testng.SuiteRunnerWorker.runSuite(SuiteRunnerWorker.java:53)
	at org.testng.SuiteRunnerWorker.run(SuiteRunnerWorker.java:96)
	at org.testng.TestNG.runSuitesSequentially(TestNG.java:1142)
	at org.testng.TestNG.runSuitesLocally(TestNG.java:1064)
	at org.testng.TestNG.runSuites(TestNG.java:994)
	at org.testng.TestNG.run(TestNG.java:962)
	at org.testng.IDEARemoteTestNG.run(IDEARemoteTestNG.java:72)
	at org.testng.RemoteTestNGStarter.main(RemoteTestNGStarter.java:123)
</stack-trace>
            </failure>
            <steps/>
            <attachments/>
            <labels>
                <label name="testSuite" value="Default Suite"/>
                <label name="testGroup" value="wombat_admin"/>
                <label name="testClass" value="ru.wombat.admin.tests.Tests.AddUserTest"/>
                <label name="testMethod" value="adminCanUpgradeUser"/>
                <label name="severity" value="normal"/>
                <label name="host" value="MacBookleksandr.Dlink"/>
                <label name="thread" value="29419@MacBookleksandr.Dlink.main(1)"/>
            </labels>
        </test-case>
        <test-case start="1545469595065" stop="1545469595120" status="canceled">
            <name>errorAboutExistingEmailAddUser</name>
            <failure>
                <message>: Skipped due to dependency on other skipped or failed test methods</message>
                <stack-trace>ru.yandex.qatools.allure.testng.AllureTestListener$1: Skipped due to dependency on other skipped or failed test methods
	at ru.yandex.qatools.allure.testng.AllureTestListener.fireTestCaseCancel(AllureTestListener.java:425)
	at ru.yandex.qatools.allure.testng.AllureTestListener.onTestSkipped(AllureTestListener.java:186)
	at org.testng.internal.TestListenerHelper.runTestListeners(TestListenerHelper.java:60)
	at org.testng.internal.Invoker.runTestListeners(Invoker.java:1545)
	at org.testng.internal.Invoker.registerSkippedTestResult(Invoker.java:1216)
	at org.testng.internal.Invoker.invokeMethod(Invoker.java:620)
	at org.testng.internal.Invoker.invokeTestMethod(Invoker.java:821)
	at org.testng.internal.Invoker.invokeTestMethods(Invoker.java:1128)
	at org.testng.internal.TestMethodWorker.invokeTestMethods(TestMethodWorker.java:140)
	at org.testng.internal.TestMethodWorker.run(TestMethodWorker.java:122)
	at org.testng.TestRunner.privateRun(TestRunner.java:724)
	at org.testng.TestRunner.run(TestRunner.java:574)
	at org.testng.SuiteRunner.runTest(SuiteRunner.java:398)
	at org.testng.SuiteRunner.runSequentially(SuiteRunner.java:392)
	at org.testng.SuiteRunner.privateRun(SuiteRunner.java:354)
	at org.testng.SuiteRunner.run(SuiteRunner.java:302)
	at org.testng.SuiteRunnerWorker.runSuite(SuiteRunnerWorker.java:53)
	at org.testng.SuiteRunnerWorker.run(SuiteRunnerWorker.java:96)
	at org.testng.TestNG.runSuitesSequentially(TestNG.java:1142)
	at org.testng.TestNG.runSuitesLocally(TestNG.java:1064)
	at org.testng.TestNG.runSuites(TestNG.java:994)
	at org.testng.TestNG.run(TestNG.java:962)
	at org.testng.IDEARemoteTestNG.run(IDEARemoteTestNG.java:72)
	at org.testng.RemoteTestNGStarter.main(RemoteTestNGStarter.java:123)
</stack-trace>
            </failure>
            <steps/>
            <attachments/>
            <labels>
                <label name="testSuite" value="Default Suite"/>
                <label name="testGroup" value="wombat_admin"/>
                <label name="testClass" value="ru.wombat.admin.tests.Tests.AddUserTest"/>
                <label name="testMethod" value="errorAboutExistingEmailAddUser"/>
                <label name="severity" value="minor"/>
                <label name="host" value="MacBookleksandr.Dlink"/>
                <label name="thread" value="29419@MacBookleksandr.Dlink.main(1)"/>
            </labels>
        </test-case>
        <test-case start="1545469595127" stop="1545469595137" status="canceled">
            <name>emptyFieldsErrorDisplayingAddUser</name>
            <failure>
                <message>: Skipped due to dependency on other skipped or failed test methods</message>
                <stack-trace>ru.yandex.qatools.allure.testng.AllureTestListener$1: Skipped due to dependency on other skipped or failed test methods
	at ru.yandex.qatools.allure.testng.AllureTestListener.fireTestCaseCancel(AllureTestListener.java:425)
	at ru.yandex.qatools.allure.testng.AllureTestListener.onTestSkipped(AllureTestListener.java:186)
	at org.testng.internal.TestListenerHelper.runTestListeners(TestListenerHelper.java:60)
	at org.testng.internal.Invoker.runTestListeners(Invoker.java:1545)
	at org.testng.internal.Invoker.registerSkippedTestResult(Invoker.java:1216)
	at org.testng.internal.Invoker.invokeMethod(Invoker.java:620)
	at org.testng.internal.Invoker.invokeTestMethod(Invoker.java:821)
	at org.testng.internal.Invoker.invokeTestMethods(Invoker.java:1128)
	at org.testng.internal.TestMethodWorker.invokeTestMethods(TestMethodWorker.java:140)
	at org.testng.internal.TestMethodWorker.run(TestMethodWorker.java:122)
	at org.testng.TestRunner.privateRun(TestRunner.java:724)
	at org.testng.TestRunner.run(TestRunner.java:574)
	at org.testng.SuiteRunner.runTest(SuiteRunner.java:398)
	at org.testng.SuiteRunner.runSequentially(SuiteRunner.java:392)
	at org.testng.SuiteRunner.privateRun(SuiteRunner.java:354)
	at org.testng.SuiteRunner.run(SuiteRunner.java:302)
	at org.testng.SuiteRunnerWorker.runSuite(SuiteRunnerWorker.java:53)
	at org.testng.SuiteRunnerWorker.run(SuiteRunnerWorker.java:96)
	at org.testng.TestNG.runSuitesSequentially(TestNG.java:1142)
	at org.testng.TestNG.runSuitesLocally(TestNG.java:1064)
	at org.testng.TestNG.runSuites(TestNG.java:994)
	at org.testng.TestNG.run(TestNG.java:962)
	at org.testng.IDEARemoteTestNG.run(IDEARemoteTestNG.java:72)
	at org.testng.RemoteTestNGStarter.main(RemoteTestNGStarter.java:123)
</stack-trace>
            </failure>
            <steps/>
            <attachments/>
            <labels>
                <label name="testSuite" value="Default Suite"/>
                <label name="testGroup" value="wombat_admin"/>
                <label name="testClass" value="ru.wombat.admin.tests.Tests.AddUserTest"/>
                <label name="testMethod" value="emptyFieldsErrorDisplayingAddUser"/>
                <label name="severity" value="minor"/>
                <label name="host" value="MacBookleksandr.Dlink"/>
                <label name="thread" value="29419@MacBookleksandr.Dlink.main(1)"/>
            </labels>
        </test-case>
        <test-case start="1545469595139" stop="1545469595141" status="canceled">
            <name>adminCanArchivateUser</name>
            <failure>
                <message>: Skipped due to dependency on other skipped or failed test methods</message>
                <stack-trace>ru.yandex.qatools.allure.testng.AllureTestListener$1: Skipped due to dependency on other skipped or failed test methods
	at ru.yandex.qatools.allure.testng.AllureTestListener.fireTestCaseCancel(AllureTestListener.java:425)
	at ru.yandex.qatools.allure.testng.AllureTestListener.onTestSkipped(AllureTestListener.java:186)
	at org.testng.internal.TestListenerHelper.runTestListeners(TestListenerHelper.java:60)
	at org.testng.internal.Invoker.runTestListeners(Invoker.java:1545)
	at org.testng.internal.Invoker.registerSkippedTestResult(Invoker.java:1216)
	at org.testng.internal.Invoker.invokeMethod(Invoker.java:620)
	at org.testng.internal.Invoker.invokeTestMethod(Invoker.java:821)
	at org.testng.internal.Invoker.invokeTestMethods(Invoker.java:1128)
	at org.testng.internal.TestMethodWorker.invokeTestMethods(TestMethodWorker.java:140)
	at org.testng.internal.TestMethodWorker.run(TestMethodWorker.java:122)
	at org.testng.TestRunner.privateRun(TestRunner.java:724)
	at org.testng.TestRunner.run(TestRunner.java:574)
	at org.testng.SuiteRunner.runTest(SuiteRunner.java:398)
	at org.testng.SuiteRunner.runSequentially(SuiteRunner.java:392)
	at org.testng.SuiteRunner.privateRun(SuiteRunner.java:354)
	at org.testng.SuiteRunner.run(SuiteRunner.java:302)
	at org.testng.SuiteRunnerWorker.runSuite(SuiteRunnerWorker.java:53)
	at org.testng.SuiteRunnerWorker.run(SuiteRunnerWorker.java:96)
	at org.testng.TestNG.runSuitesSequentially(TestNG.java:1142)
	at org.testng.TestNG.runSuitesLocally(TestNG.java:1064)
	at org.testng.TestNG.runSuites(TestNG.java:994)
	at org.testng.TestNG.run(TestNG.java:962)
	at org.testng.IDEARemoteTestNG.run(IDEARemoteTestNG.java:72)
	at org.testng.RemoteTestNGStarter.main(RemoteTestNGStarter.java:123)
</stack-trace>
            </failure>
            <steps/>
            <attachments/>
            <labels>
                <label name="testSuite" value="Default Suite"/>
                <label name="testGroup" value="wombat_admin"/>
                <label name="testClass" value="ru.wombat.admin.tests.Tests.AddUserTest"/>
                <label name="testMethod" value="adminCanArchivateUser"/>
                <label name="severity" value="critical"/>
                <label name="host" value="MacBookleksandr.Dlink"/>
                <label name="thread" value="29419@MacBookleksandr.Dlink.main(1)"/>
            </labels>
        </test-case>
        <test-case start="1545469595180" stop="1545469595180" status="canceled">
            <name>recoveryUserTest</name>
            <failure>
                <message>: Skipped due to dependency on other skipped or failed test methods</message>
                <stack-trace>ru.yandex.qatools.allure.testng.AllureTestListener$1: Skipped due to dependency on other skipped or failed test methods
	at ru.yandex.qatools.allure.testng.AllureTestListener.fireTestCaseCancel(AllureTestListener.java:425)
	at ru.yandex.qatools.allure.testng.AllureTestListener.onTestSkipped(AllureTestListener.java:186)
	at org.testng.internal.TestListenerHelper.runTestListeners(TestListenerHelper.java:60)
	at org.testng.internal.Invoker.runTestListeners(Invoker.java:1545)
	at org.testng.internal.Invoker.registerSkippedTestResult(Invoker.java:1216)
	at org.testng.internal.Invoker.invokeMethod(Invoker.java:620)
	at org.testng.internal.Invoker.invokeTestMethod(Invoker.java:821)
	at org.testng.internal.Invoker.invokeTestMethods(Invoker.java:1128)
	at org.testng.internal.TestMethodWorker.invokeTestMethods(TestMethodWorker.java:140)
	at org.testng.internal.TestMethodWorker.run(TestMethodWorker.java:122)
	at org.testng.TestRunner.privateRun(TestRunner.java:724)
	at org.testng.TestRunner.run(TestRunner.java:574)
	at org.testng.SuiteRunner.runTest(SuiteRunner.java:398)
	at org.testng.SuiteRunner.runSequentially(SuiteRunner.java:392)
	at org.testng.SuiteRunner.privateRun(SuiteRunner.java:354)
	at org.testng.SuiteRunner.run(SuiteRunner.java:302)
	at org.testng.SuiteRunnerWorker.runSuite(SuiteRunnerWorker.java:53)
	at org.testng.SuiteRunnerWorker.run(SuiteRunnerWorker.java:96)
	at org.testng.TestNG.runSuitesSequentially(TestNG.java:1142)
	at org.testng.TestNG.runSuitesLocally(TestNG.java:1064)
	at org.testng.TestNG.runSuites(TestNG.java:994)
	at org.testng.TestNG.run(TestNG.java:962)
	at org.testng.IDEARemoteTestNG.run(IDEARemoteTestNG.java:72)
	at org.testng.RemoteTestNGStarter.main(RemoteTestNGStarter.java:123)
</stack-trace>
            </failure>
            <steps/>
            <attachments/>
            <labels>
                <label name="testSuite" value="Default Suite"/>
                <label name="testGroup" value="wombat_admin"/>
                <label name="testClass" value="ru.wombat.admin.tests.Tests.AddUserTest"/>
                <label name="testMethod" value="recoveryUserTest"/>
                <label name="host" value="MacBookleksandr.Dlink"/>
                <label name="thread" value="29419@MacBookleksandr.Dlink.main(1)"/>
            </labels>
        </test-case>
        <test-case start="1545469595183" stop="1545469595188" status="canceled">
            <name>closeRecoveryForm</name>
            <failure>
                <message>: Skipped due to dependency on other skipped or failed test methods</message>
                <stack-trace>ru.yandex.qatools.allure.testng.AllureTestListener$1: Skipped due to dependency on other skipped or failed test methods
	at ru.yandex.qatools.allure.testng.AllureTestListener.fireTestCaseCancel(AllureTestListener.java:425)
	at ru.yandex.qatools.allure.testng.AllureTestListener.onTestSkipped(AllureTestListener.java:186)
	at org.testng.internal.TestListenerHelper.runTestListeners(TestListenerHelper.java:60)
	at org.testng.internal.Invoker.runTestListeners(Invoker.java:1545)
	at org.testng.internal.Invoker.registerSkippedTestResult(Invoker.java:1216)
	at org.testng.internal.Invoker.invokeMethod(Invoker.java:620)
	at org.testng.internal.Invoker.invokeTestMethod(Invoker.java:821)
	at org.testng.internal.Invoker.invokeTestMethods(Invoker.java:1128)
	at org.testng.internal.TestMethodWorker.invokeTestMethods(TestMethodWorker.java:140)
	at org.testng.internal.TestMethodWorker.run(TestMethodWorker.java:122)
	at org.testng.TestRunner.privateRun(TestRunner.java:724)
	at org.testng.TestRunner.run(TestRunner.java:574)
	at org.testng.SuiteRunner.runTest(SuiteRunner.java:398)
	at org.testng.SuiteRunner.runSequentially(SuiteRunner.java:392)
	at org.testng.SuiteRunner.privateRun(SuiteRunner.java:354)
	at org.testng.SuiteRunner.run(SuiteRunner.java:302)
	at org.testng.SuiteRunnerWorker.runSuite(SuiteRunnerWorker.java:53)
	at org.testng.SuiteRunnerWorker.run(SuiteRunnerWorker.java:96)
	at org.testng.TestNG.runSuitesSequentially(TestNG.java:1142)
	at org.testng.TestNG.runSuitesLocally(TestNG.java:1064)
	at org.testng.TestNG.runSuites(TestNG.java:994)
	at org.testng.TestNG.run(TestNG.java:962)
	at org.testng.IDEARemoteTestNG.run(IDEARemoteTestNG.java:72)
	at org.testng.RemoteTestNGStarter.main(RemoteTestNGStarter.java:123)
</stack-trace>
            </failure>
            <steps/>
            <attachments/>
            <labels>
                <label name="testSuite" value="Default Suite"/>
                <label name="testGroup" value="wombat_admin"/>
                <label name="testClass" value="ru.wombat.admin.tests.Tests.AddUserTest"/>
                <label name="testMethod" value="closeRecoveryForm"/>
                <label name="host" value="MacBookleksandr.Dlink"/>
                <label name="thread" value="29419@MacBookleksandr.Dlink.main(1)"/>
            </labels>
        </test-case>
        <test-case start="1545469595195" stop="1545469595197" status="canceled">
            <name>paginationTest</name>
            <failure>
                <message>: Skipped due to dependency on other skipped or failed test methods</message>
                <stack-trace>ru.yandex.qatools.allure.testng.AllureTestListener$1: Skipped due to dependency on other skipped or failed test methods
	at ru.yandex.qatools.allure.testng.AllureTestListener.fireTestCaseCancel(AllureTestListener.java:425)
	at ru.yandex.qatools.allure.testng.AllureTestListener.onTestSkipped(AllureTestListener.java:186)
	at org.testng.internal.TestListenerHelper.runTestListeners(TestListenerHelper.java:60)
	at org.testng.internal.Invoker.runTestListeners(Invoker.java:1545)
	at org.testng.internal.Invoker.registerSkippedTestResult(Invoker.java:1216)
	at org.testng.internal.Invoker.invokeMethod(Invoker.java:620)
	at org.testng.internal.Invoker.invokeTestMethod(Invoker.java:821)
	at org.testng.internal.Invoker.invokeTestMethods(Invoker.java:1128)
	at org.testng.internal.TestMethodWorker.invokeTestMethods(TestMethodWorker.java:140)
	at org.testng.internal.TestMethodWorker.run(TestMethodWorker.java:122)
	at org.testng.TestRunner.privateRun(TestRunner.java:724)
	at org.testng.TestRunner.run(TestRunner.java:574)
	at org.testng.SuiteRunner.runTest(SuiteRunner.java:398)
	at org.testng.SuiteRunner.runSequentially(SuiteRunner.java:392)
	at org.testng.SuiteRunner.privateRun(SuiteRunner.java:354)
	at org.testng.SuiteRunner.run(SuiteRunner.java:302)
	at org.testng.SuiteRunnerWorker.runSuite(SuiteRunnerWorker.java:53)
	at org.testng.SuiteRunnerWorker.run(SuiteRunnerWorker.java:96)
	at org.testng.TestNG.runSuitesSequentially(TestNG.java:1142)
	at org.testng.TestNG.runSuitesLocally(TestNG.java:1064)
	at org.testng.TestNG.runSuites(TestNG.java:994)
	at org.testng.TestNG.run(TestNG.java:962)
	at org.testng.IDEARemoteTestNG.run(IDEARemoteTestNG.java:72)
	at org.testng.RemoteTestNGStarter.main(RemoteTestNGStarter.java:123)
</stack-trace>
            </failure>
            <steps/>
            <attachments/>
            <labels>
                <label name="testSuite" value="Default Suite"/>
                <label name="testGroup" value="wombat_admin"/>
                <label name="testClass" value="ru.wombat.admin.tests.Tests.AddUserTest"/>
                <label name="testMethod" value="paginationTest"/>
                <label name="host" value="MacBookleksandr.Dlink"/>
                <label name="thread" value="29419@MacBookleksandr.Dlink.main(1)"/>
            </labels>
        </test-case>
        <test-case start="1545469595200" stop="1545469595204" status="canceled">
            <name>cacheAddUserFormDuringCloseFormTest</name>
            <failure>
                <message>: Skipped due to dependency on other skipped or failed test methods</message>
                <stack-trace>ru.yandex.qatools.allure.testng.AllureTestListener$1: Skipped due to dependency on other skipped or failed test methods
	at ru.yandex.qatools.allure.testng.AllureTestListener.fireTestCaseCancel(AllureTestListener.java:425)
	at ru.yandex.qatools.allure.testng.AllureTestListener.onTestSkipped(AllureTestListener.java:186)
	at org.testng.internal.TestListenerHelper.runTestListeners(TestListenerHelper.java:60)
	at org.testng.internal.Invoker.runTestListeners(Invoker.java:1545)
	at org.testng.internal.Invoker.registerSkippedTestResult(Invoker.java:1216)
	at org.testng.internal.Invoker.invokeMethod(Invoker.java:620)
	at org.testng.internal.Invoker.invokeTestMethod(Invoker.java:821)
	at org.testng.internal.Invoker.invokeTestMethods(Invoker.java:1128)
	at org.testng.internal.TestMethodWorker.invokeTestMethods(TestMethodWorker.java:140)
	at org.testng.internal.TestMethodWorker.run(TestMethodWorker.java:122)
	at org.testng.TestRunner.privateRun(TestRunner.java:724)
	at org.testng.TestRunner.run(TestRunner.java:574)
	at org.testng.SuiteRunner.runTest(SuiteRunner.java:398)
	at org.testng.SuiteRunner.runSequentially(SuiteRunner.java:392)
	at org.testng.SuiteRunner.privateRun(SuiteRunner.java:354)
	at org.testng.SuiteRunner.run(SuiteRunner.java:302)
	at org.testng.SuiteRunnerWorker.runSuite(SuiteRunnerWorker.java:53)
	at org.testng.SuiteRunnerWorker.run(SuiteRunnerWorker.java:96)
	at org.testng.TestNG.runSuitesSequentially(TestNG.java:1142)
	at org.testng.TestNG.runSuitesLocally(TestNG.java:1064)
	at org.testng.TestNG.runSuites(TestNG.java:994)
	at org.testng.TestNG.run(TestNG.java:962)
	at org.testng.IDEARemoteTestNG.run(IDEARemoteTestNG.java:72)
	at org.testng.RemoteTestNGStarter.main(RemoteTestNGStarter.java:123)
</stack-trace>
            </failure>
            <steps/>
            <attachments/>
            <labels>
                <label name="testSuite" value="Default Suite"/>
                <label name="testGroup" value="wombat_admin"/>
                <label name="testClass" value="ru.wombat.admin.tests.Tests.AddUserTest"/>
                <label name="testMethod" value="cacheAddUserFormDuringCloseFormTest"/>
                <label name="host" value="MacBookleksandr.Dlink"/>
                <label name="thread" value="29419@MacBookleksandr.Dlink.main(1)"/>
            </labels>
        </test-case>
        <test-case start="1545469595211" stop="1545469595214" status="canceled">
            <name>cacheAddUserFormDuringAddUserTest</name>
            <failure>
                <message>: Skipped due to dependency on other skipped or failed test methods</message>
                <stack-trace>ru.yandex.qatools.allure.testng.AllureTestListener$1: Skipped due to dependency on other skipped or failed test methods
	at ru.yandex.qatools.allure.testng.AllureTestListener.fireTestCaseCancel(AllureTestListener.java:425)
	at ru.yandex.qatools.allure.testng.AllureTestListener.onTestSkipped(AllureTestListener.java:186)
	at org.testng.internal.TestListenerHelper.runTestListeners(TestListenerHelper.java:60)
	at org.testng.internal.Invoker.runTestListeners(Invoker.java:1545)
	at org.testng.internal.Invoker.registerSkippedTestResult(Invoker.java:1216)
	at org.testng.internal.Invoker.invokeMethod(Invoker.java:620)
	at org.testng.internal.Invoker.invokeTestMethod(Invoker.java:821)
	at org.testng.internal.Invoker.invokeTestMethods(Invoker.java:1128)
	at org.testng.internal.TestMethodWorker.invokeTestMethods(TestMethodWorker.java:140)
	at org.testng.internal.TestMethodWorker.run(TestMethodWorker.java:122)
	at org.testng.TestRunner.privateRun(TestRunner.java:724)
	at org.testng.TestRunner.run(TestRunner.java:574)
	at org.testng.SuiteRunner.runTest(SuiteRunner.java:398)
	at org.testng.SuiteRunner.runSequentially(SuiteRunner.java:392)
	at org.testng.SuiteRunner.privateRun(SuiteRunner.java:354)
	at org.testng.SuiteRunner.run(SuiteRunner.java:302)
	at org.testng.SuiteRunnerWorker.runSuite(SuiteRunnerWorker.java:53)
	at org.testng.SuiteRunnerWorker.run(SuiteRunnerWorker.java:96)
	at org.testng.TestNG.runSuitesSequentially(TestNG.java:1142)
	at org.testng.TestNG.runSuitesLocally(TestNG.java:1064)
	at org.testng.TestNG.runSuites(TestNG.java:994)
	at org.testng.TestNG.run(TestNG.java:962)
	at org.testng.IDEARemoteTestNG.run(IDEARemoteTestNG.java:72)
	at org.testng.RemoteTestNGStarter.main(RemoteTestNGStarter.java:123)
</stack-trace>
            </failure>
            <steps/>
            <attachments/>
            <labels>
                <label name="testSuite" value="Default Suite"/>
                <label name="testGroup" value="wombat_admin"/>
                <label name="testClass" value="ru.wombat.admin.tests.Tests.AddUserTest"/>
                <label name="testMethod" value="cacheAddUserFormDuringAddUserTest"/>
                <label name="host" value="MacBookleksandr.Dlink"/>
                <label name="thread" value="29419@MacBookleksandr.Dlink.main(1)"/>
            </labels>
        </test-case>
        <test-case start="1545469595216" stop="1545469595218" status="canceled">
            <name>displayingArchivateUserInArchiveUsers</name>
            <failure>
                <message>: Skipped due to dependency on other skipped or failed test methods</message>
                <stack-trace>ru.yandex.qatools.allure.testng.AllureTestListener$1: Skipped due to dependency on other skipped or failed test methods
	at ru.yandex.qatools.allure.testng.AllureTestListener.fireTestCaseCancel(AllureTestListener.java:425)
	at ru.yandex.qatools.allure.testng.AllureTestListener.onTestSkipped(AllureTestListener.java:186)
	at org.testng.internal.TestListenerHelper.runTestListeners(TestListenerHelper.java:60)
	at org.testng.internal.Invoker.runTestListeners(Invoker.java:1545)
	at org.testng.internal.Invoker.registerSkippedTestResult(Invoker.java:1216)
	at org.testng.internal.Invoker.invokeMethod(Invoker.java:620)
	at org.testng.internal.Invoker.invokeTestMethod(Invoker.java:821)
	at org.testng.internal.Invoker.invokeTestMethods(Invoker.java:1128)
	at org.testng.internal.TestMethodWorker.invokeTestMethods(TestMethodWorker.java:140)
	at org.testng.internal.TestMethodWorker.run(TestMethodWorker.java:122)
	at org.testng.TestRunner.privateRun(TestRunner.java:724)
	at org.testng.TestRunner.run(TestRunner.java:574)
	at org.testng.SuiteRunner.runTest(SuiteRunner.java:398)
	at org.testng.SuiteRunner.runSequentially(SuiteRunner.java:392)
	at org.testng.SuiteRunner.privateRun(SuiteRunner.java:354)
	at org.testng.SuiteRunner.run(SuiteRunner.java:302)
	at org.testng.SuiteRunnerWorker.runSuite(SuiteRunnerWorker.java:53)
	at org.testng.SuiteRunnerWorker.run(SuiteRunnerWorker.java:96)
	at org.testng.TestNG.runSuitesSequentially(TestNG.java:1142)
	at org.testng.TestNG.runSuitesLocally(TestNG.java:1064)
	at org.testng.TestNG.runSuites(TestNG.java:994)
	at org.testng.TestNG.run(TestNG.java:962)
	at org.testng.IDEARemoteTestNG.run(IDEARemoteTestNG.java:72)
	at org.testng.RemoteTestNGStarter.main(RemoteTestNGStarter.java:123)
</stack-trace>
            </failure>
            <steps/>
            <attachments/>
            <labels>
                <label name="testSuite" value="Default Suite"/>
                <label name="testGroup" value="wombat_admin"/>
                <label name="testClass" value="ru.wombat.admin.tests.Tests.AddUserTest"/>
                <label name="testMethod" value="displayingArchivateUserInArchiveUsers"/>
                <label name="host" value="MacBookleksandr.Dlink"/>
                <label name="thread" value="29419@MacBookleksandr.Dlink.main(1)"/>
            </labels>
        </test-case>
        <test-case start="1545469595223" stop="1545469595225" status="canceled">
            <name>exitFromArchivateUserFormTest</name>
            <failure>
                <message>: Skipped due to dependency on other skipped or failed test methods</message>
                <stack-trace>ru.yandex.qatools.allure.testng.AllureTestListener$1: Skipped due to dependency on other skipped or failed test methods
	at ru.yandex.qatools.allure.testng.AllureTestListener.fireTestCaseCancel(AllureTestListener.java:425)
	at ru.yandex.qatools.allure.testng.AllureTestListener.onTestSkipped(AllureTestListener.java:186)
	at org.testng.internal.TestListenerHelper.runTestListeners(TestListenerHelper.java:60)
	at org.testng.internal.Invoker.runTestListeners(Invoker.java:1545)
	at org.testng.internal.Invoker.registerSkippedTestResult(Invoker.java:1216)
	at org.testng.internal.Invoker.invokeMethod(Invoker.java:620)
	at org.testng.internal.Invoker.invokeTestMethod(Invoker.java:821)
	at org.testng.internal.Invoker.invokeTestMethods(Invoker.java:1128)
	at org.testng.internal.TestMethodWorker.invokeTestMethods(TestMethodWorker.java:140)
	at org.testng.internal.TestMethodWorker.run(TestMethodWorker.java:122)
	at org.testng.TestRunner.privateRun(TestRunner.java:724)
	at org.testng.TestRunner.run(TestRunner.java:574)
	at org.testng.SuiteRunner.runTest(SuiteRunner.java:398)
	at org.testng.SuiteRunner.runSequentially(SuiteRunner.java:392)
	at org.testng.SuiteRunner.privateRun(SuiteRunner.java:354)
	at org.testng.SuiteRunner.run(SuiteRunner.java:302)
	at org.testng.SuiteRunnerWorker.runSuite(SuiteRunnerWorker.java:53)
	at org.testng.SuiteRunnerWorker.run(SuiteRunnerWorker.java:96)
	at org.testng.TestNG.runSuitesSequentially(TestNG.java:1142)
	at org.testng.TestNG.runSuitesLocally(TestNG.java:1064)
	at org.testng.TestNG.runSuites(TestNG.java:994)
	at org.testng.TestNG.run(TestNG.java:962)
	at org.testng.IDEARemoteTestNG.run(IDEARemoteTestNG.java:72)
	at org.testng.RemoteTestNGStarter.main(RemoteTestNGStarter.java:123)
</stack-trace>
            </failure>
            <steps/>
            <attachments/>
            <labels>
                <label name="testSuite" value="Default Suite"/>
                <label name="testGroup" value="wombat_admin"/>
                <label name="testClass" value="ru.wombat.admin.tests.Tests.AddUserTest"/>
                <label name="testMethod" value="exitFromArchivateUserFormTest"/>
                <label name="host" value="MacBookleksandr.Dlink"/>
                <label name="thread" value="29419@MacBookleksandr.Dlink.main(1)"/>
            </labels>
        </test-case>
        <test-case start="1545469595240" stop="1545469595241" status="canceled">
            <name>exitFromUpgradeFormTest</name>
            <failure>
                <message>: Skipped due to dependency on other skipped or failed test methods</message>
                <stack-trace>ru.yandex.qatools.allure.testng.AllureTestListener$1: Skipped due to dependency on other skipped or failed test methods
	at ru.yandex.qatools.allure.testng.AllureTestListener.fireTestCaseCancel(AllureTestListener.java:425)
	at ru.yandex.qatools.allure.testng.AllureTestListener.onTestSkipped(AllureTestListener.java:186)
	at org.testng.internal.TestListenerHelper.runTestListeners(TestListenerHelper.java:60)
	at org.testng.internal.Invoker.runTestListeners(Invoker.java:1545)
	at org.testng.internal.Invoker.registerSkippedTestResult(Invoker.java:1216)
	at org.testng.internal.Invoker.invokeMethod(Invoker.java:620)
	at org.testng.internal.Invoker.invokeTestMethod(Invoker.java:821)
	at org.testng.internal.Invoker.invokeTestMethods(Invoker.java:1128)
	at org.testng.internal.TestMethodWorker.invokeTestMethods(TestMethodWorker.java:140)
	at org.testng.internal.TestMethodWorker.run(TestMethodWorker.java:122)
	at org.testng.TestRunner.privateRun(TestRunner.java:724)
	at org.testng.TestRunner.run(TestRunner.java:574)
	at org.testng.SuiteRunner.runTest(SuiteRunner.java:398)
	at org.testng.SuiteRunner.runSequentially(SuiteRunner.java:392)
	at org.testng.SuiteRunner.privateRun(SuiteRunner.java:354)
	at org.testng.SuiteRunner.run(SuiteRunner.java:302)
	at org.testng.SuiteRunnerWorker.runSuite(SuiteRunnerWorker.java:53)
	at org.testng.SuiteRunnerWorker.run(SuiteRunnerWorker.java:96)
	at org.testng.TestNG.runSuitesSequentially(TestNG.java:1142)
	at org.testng.TestNG.runSuitesLocally(TestNG.java:1064)
	at org.testng.TestNG.runSuites(TestNG.java:994)
	at org.testng.TestNG.run(TestNG.java:962)
	at org.testng.IDEARemoteTestNG.run(IDEARemoteTestNG.java:72)
	at org.testng.RemoteTestNGStarter.main(RemoteTestNGStarter.java:123)
</stack-trace>
            </failure>
            <steps/>
            <attachments/>
            <labels>
                <label name="testSuite" value="Default Suite"/>
                <label name="testGroup" value="wombat_admin"/>
                <label name="testClass" value="ru.wombat.admin.tests.Tests.AddUserTest"/>
                <label name="testMethod" value="exitFromUpgradeFormTest"/>
                <label name="host" value="MacBookleksandr.Dlink"/>
                <label name="thread" value="29419@MacBookleksandr.Dlink.main(1)"/>
            </labels>
        </test-case>
        <test-case start="1545469595271" stop="1545469595293" status="canceled">
            <name>searchUsersByGradeTest</name>
            <failure>
                <message>: Skipped due to dependency on other skipped or failed test methods</message>
                <stack-trace>ru.yandex.qatools.allure.testng.AllureTestListener$1: Skipped due to dependency on other skipped or failed test methods
	at ru.yandex.qatools.allure.testng.AllureTestListener.fireTestCaseCancel(AllureTestListener.java:425)
	at ru.yandex.qatools.allure.testng.AllureTestListener.onTestSkipped(AllureTestListener.java:186)
	at org.testng.internal.TestListenerHelper.runTestListeners(TestListenerHelper.java:60)
	at org.testng.internal.Invoker.runTestListeners(Invoker.java:1545)
	at org.testng.internal.Invoker.registerSkippedTestResult(Invoker.java:1216)
	at org.testng.internal.Invoker.invokeMethod(Invoker.java:620)
	at org.testng.internal.Invoker.invokeTestMethod(Invoker.java:821)
	at org.testng.internal.Invoker.invokeTestMethods(Invoker.java:1128)
	at org.testng.internal.TestMethodWorker.invokeTestMethods(TestMethodWorker.java:140)
	at org.testng.internal.TestMethodWorker.run(TestMethodWorker.java:122)
	at org.testng.TestRunner.privateRun(TestRunner.java:724)
	at org.testng.TestRunner.run(TestRunner.java:574)
	at org.testng.SuiteRunner.runTest(SuiteRunner.java:398)
	at org.testng.SuiteRunner.runSequentially(SuiteRunner.java:392)
	at org.testng.SuiteRunner.privateRun(SuiteRunner.java:354)
	at org.testng.SuiteRunner.run(SuiteRunner.java:302)
	at org.testng.SuiteRunnerWorker.runSuite(SuiteRunnerWorker.java:53)
	at org.testng.SuiteRunnerWorker.run(SuiteRunnerWorker.java:96)
	at org.testng.TestNG.runSuitesSequentially(TestNG.java:1142)
	at org.testng.TestNG.runSuitesLocally(TestNG.java:1064)
	at org.testng.TestNG.runSuites(TestNG.java:994)
	at org.testng.TestNG.run(TestNG.java:962)
	at org.testng.IDEARemoteTestNG.run(IDEARemoteTestNG.java:72)
	at org.testng.RemoteTestNGStarter.main(RemoteTestNGStarter.java:123)
</stack-trace>
            </failure>
            <steps/>
            <attachments/>
            <labels>
                <label name="testSuite" value="Default Suite"/>
                <label name="testGroup" value="wombat_admin"/>
                <label name="testClass" value="ru.wombat.admin.tests.Tests.AddUserTest"/>
                <label name="testMethod" value="searchUsersByGradeTest"/>
                <label name="host" value="MacBookleksandr.Dlink"/>
                <label name="thread" value="29419@MacBookleksandr.Dlink.main(1)"/>
            </labels>
        </test-case>
        <test-case start="1545469595298" stop="1545469595301" status="canceled">
            <name>desplayingErrorAboutFieldsWithSpace</name>
            <failure>
                <message>: Skipped due to dependency on other skipped or failed test methods</message>
                <stack-trace>ru.yandex.qatools.allure.testng.AllureTestListener$1: Skipped due to dependency on other skipped or failed test methods
	at ru.yandex.qatools.allure.testng.AllureTestListener.fireTestCaseCancel(AllureTestListener.java:425)
	at ru.yandex.qatools.allure.testng.AllureTestListener.onTestSkipped(AllureTestListener.java:186)
	at org.testng.internal.TestListenerHelper.runTestListeners(TestListenerHelper.java:60)
	at org.testng.internal.Invoker.runTestListeners(Invoker.java:1545)
	at org.testng.internal.Invoker.registerSkippedTestResult(Invoker.java:1216)
	at org.testng.internal.Invoker.invokeMethod(Invoker.java:620)
	at org.testng.internal.Invoker.invokeTestMethod(Invoker.java:821)
	at org.testng.internal.Invoker.invokeTestMethods(Invoker.java:1128)
	at org.testng.internal.TestMethodWorker.invokeTestMethods(TestMethodWorker.java:140)
	at org.testng.internal.TestMethodWorker.run(TestMethodWorker.java:122)
	at org.testng.TestRunner.privateRun(TestRunner.java:724)
	at org.testng.TestRunner.run(TestRunner.java:574)
	at org.testng.SuiteRunner.runTest(SuiteRunner.java:398)
	at org.testng.SuiteRunner.runSequentially(SuiteRunner.java:392)
	at org.testng.SuiteRunner.privateRun(SuiteRunner.java:354)
	at org.testng.SuiteRunner.run(SuiteRunner.java:302)
	at org.testng.SuiteRunnerWorker.runSuite(SuiteRunnerWorker.java:53)
	at org.testng.SuiteRunnerWorker.run(SuiteRunnerWorker.java:96)
	at org.testng.TestNG.runSuitesSequentially(TestNG.java:1142)
	at org.testng.TestNG.runSuitesLocally(TestNG.java:1064)
	at org.testng.TestNG.runSuites(TestNG.java:994)
	at org.testng.TestNG.run(TestNG.java:962)
	at org.testng.IDEARemoteTestNG.run(IDEARemoteTestNG.java:72)
	at org.testng.RemoteTestNGStarter.main(RemoteTestNGStarter.java:123)
</stack-trace>
            </failure>
            <steps/>
            <attachments/>
            <labels>
                <label name="testSuite" value="Default Suite"/>
                <label name="testGroup" value="wombat_admin"/>
                <label name="testClass" value="ru.wombat.admin.tests.Tests.AddUserTest"/>
                <label name="testMethod" value="desplayingErrorAboutFieldsWithSpace"/>
                <label name="host" value="MacBookleksandr.Dlink"/>
                <label name="thread" value="29419@MacBookleksandr.Dlink.main(1)"/>
            </labels>
        </test-case>
    </test-cases>
    <labels>
        <label name="framework" value="TestNG"/>
        <label name="language" value="JAVA"/>
    </labels>
</ns2:test-suite>
